This is pdfTeX, Version 3.141592653-2.6-1.40.25 (MiKTeX 23.12) (preloaded format=pdflatex 2024.1.7)  16 JAN 2024 00:17
entering extended mode
 restricted \write18 enabled.
 %&-line parsing enabled.
**./trick06.tex
(trick06.tex
LaTeX2e <2023-11-01>
L3 programming layer <2023-12-11>

(C:\Users\Davud Rostam-Afschar\AppData\Local\Programs\MiKTeX\tex/latex/beamer\b
eamer.cls
Document Class: beamer 2023/05/15 v3.70 A class for typesetting presentations

(C:\Users\Davud Rostam-Afschar\AppData\Local\Programs\MiKTeX\tex/latex/beamer\b
eamerbasemodes.sty
(C:\Users\Davud Rostam-Afschar\AppData\Local\Programs\MiKTeX\tex/latex/etoolbox
\etoolbox.sty
Package: etoolbox 2020/10/05 v2.5k e-TeX tools for LaTeX (JAW)
\etb@tempcnta=\count187
)
\beamer@tempbox=\box51
\beamer@tempcount=\count188
\c@beamerpauses=\count189

(C:\Users\Davud Rostam-Afschar\AppData\Local\Programs\MiKTeX\tex/latex/beamer\b
eamerbasedecode.sty
\beamer@slideinframe=\count190
\beamer@minimum=\count191
\beamer@decode@box=\box52
)
\beamer@commentbox=\box53
\beamer@modecount=\count192
)
(C:\Users\Davud Rostam-Afschar\AppData\Local\Programs\MiKTeX\tex/generic/iftex\
iftex.sty
Package: iftex 2022/02/03 v1.0f TeX engine tests
)
\headdp=\dimen140
\footheight=\dimen141
\sidebarheight=\dimen142
\beamer@tempdim=\dimen143
\beamer@finalheight=\dimen144
\beamer@animht=\dimen145
\beamer@animdp=\dimen146
\beamer@animwd=\dimen147
\beamer@leftmargin=\dimen148
\beamer@rightmargin=\dimen149
\beamer@leftsidebar=\dimen150
\beamer@rightsidebar=\dimen151
\beamer@boxsize=\dimen152
\beamer@vboxoffset=\dimen153
\beamer@descdefault=\dimen154
\beamer@descriptionwidth=\dimen155
\beamer@lastskip=\skip48
\beamer@areabox=\box54
\beamer@animcurrent=\box55
\beamer@animshowbox=\box56
\beamer@sectionbox=\box57
\beamer@logobox=\box58
\beamer@linebox=\box59
\beamer@sectioncount=\count193
\beamer@subsubsectionmax=\count194
\beamer@subsectionmax=\count195
\beamer@sectionmax=\count196
\beamer@totalheads=\count197
\beamer@headcounter=\count198
\beamer@partstartpage=\count199
\beamer@sectionstartpage=\count266
\beamer@subsectionstartpage=\count267
\beamer@animationtempa=\count268
\beamer@animationtempb=\count269
\beamer@xpos=\count270
\beamer@ypos=\count271
\beamer@ypos@offset=\count272
\beamer@showpartnumber=\count273
\beamer@currentsubsection=\count274
\beamer@coveringdepth=\count275
\beamer@sectionadjust=\count276
\beamer@toclastsection=\count277
\beamer@tocsectionnumber=\count278

(C:\Users\Davud Rostam-Afschar\AppData\Local\Programs\MiKTeX\tex/latex/beamer\b
eamerbaseoptions.sty
(C:\Users\Davud Rostam-Afschar\AppData\Local\Programs\MiKTeX\tex/latex/graphics
\keyval.sty
Package: keyval 2022/05/29 v1.15 key=value parser (DPC)
\KV@toks@=\toks17
))
\beamer@paperwidth=\skip49
\beamer@paperheight=\skip50

(C:\Users\Davud Rostam-Afschar\AppData\Local\Programs\MiKTeX\tex/latex/geometry
\geometry.sty
Package: geometry 2020/01/02 v5.9 Page Geometry

(C:\Users\Davud Rostam-Afschar\AppData\Local\Programs\MiKTeX\tex/generic/iftex\
ifvtex.sty
Package: ifvtex 2019/10/25 v1.7 ifvtex legacy package. Use iftex instead.
)
\Gm@cnth=\count279
\Gm@cntv=\count280
\c@Gm@tempcnt=\count281
\Gm@bindingoffset=\dimen156
\Gm@wd@mp=\dimen157
\Gm@odd@mp=\dimen158
\Gm@even@mp=\dimen159
\Gm@layoutwidth=\dimen160
\Gm@layoutheight=\dimen161
\Gm@layouthoffset=\dimen162
\Gm@layoutvoffset=\dimen163
\Gm@dimlist=\toks18

(C:\Users\Davud Rostam-Afschar\AppData\Local\Programs\MiKTeX\tex/latex/geometry
\geometry.cfg))
(C:\Users\Davud Rostam-Afschar\AppData\Local\Programs\MiKTeX\tex/latex/pgf/math
\pgfmath.sty
(C:\Users\Davud Rostam-Afschar\AppData\Local\Programs\MiKTeX\tex/latex/pgf/util
ities\pgfrcs.sty
(C:\Users\Davud Rostam-Afschar\AppData\Local\Programs\MiKTeX\tex/generic/pgf/ut
ilities\pgfutil-common.tex
\pgfutil@everybye=\toks19
\pgfutil@tempdima=\dimen164
\pgfutil@tempdimb=\dimen165
)
(C:\Users\Davud Rostam-Afschar\AppData\Local\Programs\MiKTeX\tex/generic/pgf/ut
ilities\pgfutil-latex.def
\pgfutil@abb=\box60
)
(C:\Users\Davud Rostam-Afschar\AppData\Local\Programs\MiKTeX\tex/generic/pgf/ut
ilities\pgfrcs.code.tex
(C:\Users\Davud Rostam-Afschar\AppData\Local\Programs\MiKTeX\tex/generic/pgf\pg
f.revision.tex)
Package: pgfrcs 2023-01-15 v3.1.10 (3.1.10)
))
(C:\Users\Davud Rostam-Afschar\AppData\Local\Programs\MiKTeX\tex/latex/pgf/util
ities\pgfkeys.sty
(C:\Users\Davud Rostam-Afschar\AppData\Local\Programs\MiKTeX\tex/generic/pgf/ut
ilities\pgfkeys.code.tex
\pgfkeys@pathtoks=\toks20
\pgfkeys@temptoks=\toks21

(C:\Users\Davud Rostam-Afschar\AppData\Local\Programs\MiKTeX\tex/generic/pgf/ut
ilities\pgfkeyslibraryfiltered.code.tex
\pgfkeys@tmptoks=\toks22
)))
(C:\Users\Davud Rostam-Afschar\AppData\Local\Programs\MiKTeX\tex/generic/pgf/ma
th\pgfmath.code.tex
(C:\Users\Davud Rostam-Afschar\AppData\Local\Programs\MiKTeX\tex/generic/pgf/ma
th\pgfmathutil.code.tex
\pgf@x=\dimen166
\pgf@xa=\dimen167
\pgf@xb=\dimen168
\pgf@xc=\dimen169
\pgf@y=\dimen170
\pgf@ya=\dimen171
\pgf@yb=\dimen172
\pgf@yc=\dimen173
\c@pgf@counta=\count282
\c@pgf@countb=\count283
\c@pgf@countc=\count284
\c@pgf@countd=\count285
)
(C:\Users\Davud Rostam-Afschar\AppData\Local\Programs\MiKTeX\tex/generic/pgf/ma
th\pgfmathparser.code.tex
\pgfmath@dimen=\dimen174
\pgfmath@count=\count286
\pgfmath@box=\box61
\pgfmath@toks=\toks23
\pgfmath@stack@operand=\toks24
\pgfmath@stack@operation=\toks25
)
(C:\Users\Davud Rostam-Afschar\AppData\Local\Programs\MiKTeX\tex/generic/pgf/ma
th\pgfmathfunctions.code.tex)
(C:\Users\Davud Rostam-Afschar\AppData\Local\Programs\MiKTeX\tex/generic/pgf/ma
th\pgfmathfunctions.basic.code.tex)
(C:\Users\Davud Rostam-Afschar\AppData\Local\Programs\MiKTeX\tex/generic/pgf/ma
th\pgfmathfunctions.trigonometric.code.tex)
(C:\Users\Davud Rostam-Afschar\AppData\Local\Programs\MiKTeX\tex/generic/pgf/ma
th\pgfmathfunctions.random.code.tex)
(C:\Users\Davud Rostam-Afschar\AppData\Local\Programs\MiKTeX\tex/generic/pgf/ma
th\pgfmathfunctions.comparison.code.tex)
(C:\Users\Davud Rostam-Afschar\AppData\Local\Programs\MiKTeX\tex/generic/pgf/ma
th\pgfmathfunctions.base.code.tex)
(C:\Users\Davud Rostam-Afschar\AppData\Local\Programs\MiKTeX\tex/generic/pgf/ma
th\pgfmathfunctions.round.code.tex)
(C:\Users\Davud Rostam-Afschar\AppData\Local\Programs\MiKTeX\tex/generic/pgf/ma
th\pgfmathfunctions.misc.code.tex)
(C:\Users\Davud Rostam-Afschar\AppData\Local\Programs\MiKTeX\tex/generic/pgf/ma
th\pgfmathfunctions.integerarithmetics.code.tex)
(C:\Users\Davud Rostam-Afschar\AppData\Local\Programs\MiKTeX\tex/generic/pgf/ma
th\pgfmathcalc.code.tex)
(C:\Users\Davud Rostam-Afschar\AppData\Local\Programs\MiKTeX\tex/generic/pgf/ma
th\pgfmathfloat.code.tex
\c@pgfmathroundto@lastzeros=\count287
)))
(C:\Users\Davud Rostam-Afschar\AppData\Local\Programs\MiKTeX\tex/latex/base\siz
e11.clo
File: size11.clo 2023/05/17 v1.4n Standard LaTeX file (size option)
)
(C:\Users\Davud Rostam-Afschar\AppData\Local\Programs\MiKTeX\tex/latex/pgf/basi
clayer\pgfcore.sty
(C:\Users\Davud Rostam-Afschar\AppData\Local\Programs\MiKTeX\tex/latex/graphics
\graphicx.sty
Package: graphicx 2021/09/16 v1.2d Enhanced LaTeX Graphics (DPC,SPQR)

(C:\Users\Davud Rostam-Afschar\AppData\Local\Programs\MiKTeX\tex/latex/graphics
\graphics.sty
Package: graphics 2022/03/10 v1.4e Standard LaTeX Graphics (DPC,SPQR)

(C:\Users\Davud Rostam-Afschar\AppData\Local\Programs\MiKTeX\tex/latex/graphics
\trig.sty
Package: trig 2021/08/11 v1.11 sin cos tan (DPC)
)
(C:\Users\Davud Rostam-Afschar\AppData\Local\Programs\MiKTeX\tex/latex/graphics
-cfg\graphics.cfg
File: graphics.cfg 2016/06/04 v1.11 sample graphics configuration
)
Package graphics Info: Driver file: pdftex.def on input line 107.

(C:\Users\Davud Rostam-Afschar\AppData\Local\Programs\MiKTeX\tex/latex/graphics
-def\pdftex.def
File: pdftex.def 2022/09/22 v1.2b Graphics/color driver for pdftex
))
\Gin@req@height=\dimen175
\Gin@req@width=\dimen176
)
(C:\Users\Davud Rostam-Afschar\AppData\Local\Programs\MiKTeX\tex/latex/pgf/syst
emlayer\pgfsys.sty
(C:\Users\Davud Rostam-Afschar\AppData\Local\Programs\MiKTeX\tex/generic/pgf/sy
stemlayer\pgfsys.code.tex
Package: pgfsys 2023-01-15 v3.1.10 (3.1.10)
\pgf@x=\dimen177
\pgf@y=\dimen178
\pgf@xa=\dimen179
\pgf@ya=\dimen180
\pgf@xb=\dimen181
\pgf@yb=\dimen182
\pgf@xc=\dimen183
\pgf@yc=\dimen184
\pgf@xd=\dimen185
\pgf@yd=\dimen186
\w@pgf@writea=\write3
\r@pgf@reada=\read2
\c@pgf@counta=\count288
\c@pgf@countb=\count289
\c@pgf@countc=\count290
\c@pgf@countd=\count291
\t@pgf@toka=\toks26
\t@pgf@tokb=\toks27
\t@pgf@tokc=\toks28
\pgf@sys@id@count=\count292

(C:\Users\Davud Rostam-Afschar\AppData\Local\Programs\MiKTeX\tex/generic/pgf/sy
stemlayer\pgf.cfg
File: pgf.cfg 2023-01-15 v3.1.10 (3.1.10)
)
Driver file for pgf: pgfsys-pdftex.def

(C:\Users\Davud Rostam-Afschar\AppData\Local\Programs\MiKTeX\tex/generic/pgf/sy
stemlayer\pgfsys-pdftex.def
File: pgfsys-pdftex.def 2023-01-15 v3.1.10 (3.1.10)

(C:\Users\Davud Rostam-Afschar\AppData\Local\Programs\MiKTeX\tex/generic/pgf/sy
stemlayer\pgfsys-common-pdf.def
File: pgfsys-common-pdf.def 2023-01-15 v3.1.10 (3.1.10)
)))
(C:\Users\Davud Rostam-Afschar\AppData\Local\Programs\MiKTeX\tex/generic/pgf/sy
stemlayer\pgfsyssoftpath.code.tex
File: pgfsyssoftpath.code.tex 2023-01-15 v3.1.10 (3.1.10)
\pgfsyssoftpath@smallbuffer@items=\count293
\pgfsyssoftpath@bigbuffer@items=\count294
)
(C:\Users\Davud Rostam-Afschar\AppData\Local\Programs\MiKTeX\tex/generic/pgf/sy
stemlayer\pgfsysprotocol.code.tex
File: pgfsysprotocol.code.tex 2023-01-15 v3.1.10 (3.1.10)
))
(C:\Users\Davud Rostam-Afschar\AppData\Local\Programs\MiKTeX\tex/latex/xcolor\x
color.sty
Package: xcolor 2023/11/15 v3.01 LaTeX color extensions (UK)

(C:\Users\Davud Rostam-Afschar\AppData\Local\Programs\MiKTeX\tex/latex/graphics
-cfg\color.cfg
File: color.cfg 2016/01/02 v1.6 sample color configuration
)
Package xcolor Info: Driver file: pdftex.def on input line 274.

(C:\Users\Davud Rostam-Afschar\AppData\Local\Programs\MiKTeX\tex/latex/graphics
\mathcolor.ltx)
Package xcolor Info: Model `cmy' substituted by `cmy0' on input line 1350.
Package xcolor Info: Model `hsb' substituted by `rgb' on input line 1354.
Package xcolor Info: Model `RGB' extended on input line 1366.
Package xcolor Info: Model `HTML' substituted by `rgb' on input line 1368.
Package xcolor Info: Model `Hsb' substituted by `hsb' on input line 1369.
Package xcolor Info: Model `tHsb' substituted by `hsb' on input line 1370.
Package xcolor Info: Model `HSB' substituted by `hsb' on input line 1371.
Package xcolor Info: Model `Gray' substituted by `gray' on input line 1372.
Package xcolor Info: Model `wave' substituted by `hsb' on input line 1373.
)
(C:\Users\Davud Rostam-Afschar\AppData\Local\Programs\MiKTeX\tex/latex/colortbl
\colortbl.sty
Package: colortbl 2022/06/20 v1.0f Color table columns (DPC)

(C:\Users\Davud Rostam-Afschar\AppData\Local\Programs\MiKTeX\tex/latex/tools\ar
ray.sty
Package: array 2023/10/16 v2.5g Tabular extension package (FMi)
\col@sep=\dimen187
\ar@mcellbox=\box62
\extrarowheight=\dimen188
\NC@list=\toks29
\extratabsurround=\skip51
\backup@length=\skip52
\ar@cellbox=\box63
)
\everycr=\toks30
\minrowclearance=\skip53
\rownum=\count295
)
(C:\Users\Davud Rostam-Afschar\AppData\Local\Programs\MiKTeX\tex/generic/pgf/ba
siclayer\pgfcore.code.tex
Package: pgfcore 2023-01-15 v3.1.10 (3.1.10)

(C:\Users\Davud Rostam-Afschar\AppData\Local\Programs\MiKTeX\tex/generic/pgf/ma
th\pgfint.code.tex)
(C:\Users\Davud Rostam-Afschar\AppData\Local\Programs\MiKTeX\tex/generic/pgf/ba
siclayer\pgfcorepoints.code.tex
File: pgfcorepoints.code.tex 2023-01-15 v3.1.10 (3.1.10)
\pgf@picminx=\dimen189
\pgf@picmaxx=\dimen190
\pgf@picminy=\dimen191
\pgf@picmaxy=\dimen192
\pgf@pathminx=\dimen193
\pgf@pathmaxx=\dimen194
\pgf@pathminy=\dimen195
\pgf@pathmaxy=\dimen196
\pgf@xx=\dimen197
\pgf@xy=\dimen198
\pgf@yx=\dimen199
\pgf@yy=\dimen256
\pgf@zx=\dimen257
\pgf@zy=\dimen258
)
(C:\Users\Davud Rostam-Afschar\AppData\Local\Programs\MiKTeX\tex/generic/pgf/ba
siclayer\pgfcorepathconstruct.code.tex
File: pgfcorepathconstruct.code.tex 2023-01-15 v3.1.10 (3.1.10)
\pgf@path@lastx=\dimen259
\pgf@path@lasty=\dimen260
)
(C:\Users\Davud Rostam-Afschar\AppData\Local\Programs\MiKTeX\tex/generic/pgf/ba
siclayer\pgfcorepathusage.code.tex
File: pgfcorepathusage.code.tex 2023-01-15 v3.1.10 (3.1.10)
\pgf@shorten@end@additional=\dimen261
\pgf@shorten@start@additional=\dimen262
)
(C:\Users\Davud Rostam-Afschar\AppData\Local\Programs\MiKTeX\tex/generic/pgf/ba
siclayer\pgfcorescopes.code.tex
File: pgfcorescopes.code.tex 2023-01-15 v3.1.10 (3.1.10)
\pgfpic=\box64
\pgf@hbox=\box65
\pgf@layerbox@main=\box66
\pgf@picture@serial@count=\count296
)
(C:\Users\Davud Rostam-Afschar\AppData\Local\Programs\MiKTeX\tex/generic/pgf/ba
siclayer\pgfcoregraphicstate.code.tex
File: pgfcoregraphicstate.code.tex 2023-01-15 v3.1.10 (3.1.10)
\pgflinewidth=\dimen263
)
(C:\Users\Davud Rostam-Afschar\AppData\Local\Programs\MiKTeX\tex/generic/pgf/ba
siclayer\pgfcoretransformations.code.tex
File: pgfcoretransformations.code.tex 2023-01-15 v3.1.10 (3.1.10)
\pgf@pt@x=\dimen264
\pgf@pt@y=\dimen265
\pgf@pt@temp=\dimen266
)
(C:\Users\Davud Rostam-Afschar\AppData\Local\Programs\MiKTeX\tex/generic/pgf/ba
siclayer\pgfcorequick.code.tex
File: pgfcorequick.code.tex 2023-01-15 v3.1.10 (3.1.10)
)
(C:\Users\Davud Rostam-Afschar\AppData\Local\Programs\MiKTeX\tex/generic/pgf/ba
siclayer\pgfcoreobjects.code.tex
File: pgfcoreobjects.code.tex 2023-01-15 v3.1.10 (3.1.10)
)
(C:\Users\Davud Rostam-Afschar\AppData\Local\Programs\MiKTeX\tex/generic/pgf/ba
siclayer\pgfcorepathprocessing.code.tex
File: pgfcorepathprocessing.code.tex 2023-01-15 v3.1.10 (3.1.10)
)
(C:\Users\Davud Rostam-Afschar\AppData\Local\Programs\MiKTeX\tex/generic/pgf/ba
siclayer\pgfcorearrows.code.tex
File: pgfcorearrows.code.tex 2023-01-15 v3.1.10 (3.1.10)
\pgfarrowsep=\dimen267
)
(C:\Users\Davud Rostam-Afschar\AppData\Local\Programs\MiKTeX\tex/generic/pgf/ba
siclayer\pgfcoreshade.code.tex
File: pgfcoreshade.code.tex 2023-01-15 v3.1.10 (3.1.10)
\pgf@max=\dimen268
\pgf@sys@shading@range@num=\count297
\pgf@shadingcount=\count298
)
(C:\Users\Davud Rostam-Afschar\AppData\Local\Programs\MiKTeX\tex/generic/pgf/ba
siclayer\pgfcoreimage.code.tex
File: pgfcoreimage.code.tex 2023-01-15 v3.1.10 (3.1.10)
)
(C:\Users\Davud Rostam-Afschar\AppData\Local\Programs\MiKTeX\tex/generic/pgf/ba
siclayer\pgfcoreexternal.code.tex
File: pgfcoreexternal.code.tex 2023-01-15 v3.1.10 (3.1.10)
\pgfexternal@startupbox=\box67
)
(C:\Users\Davud Rostam-Afschar\AppData\Local\Programs\MiKTeX\tex/generic/pgf/ba
siclayer\pgfcorelayers.code.tex
File: pgfcorelayers.code.tex 2023-01-15 v3.1.10 (3.1.10)
)
(C:\Users\Davud Rostam-Afschar\AppData\Local\Programs\MiKTeX\tex/generic/pgf/ba
siclayer\pgfcoretransparency.code.tex
File: pgfcoretransparency.code.tex 2023-01-15 v3.1.10 (3.1.10)
)
(C:\Users\Davud Rostam-Afschar\AppData\Local\Programs\MiKTeX\tex/generic/pgf/ba
siclayer\pgfcorepatterns.code.tex
File: pgfcorepatterns.code.tex 2023-01-15 v3.1.10 (3.1.10)
)
(C:\Users\Davud Rostam-Afschar\AppData\Local\Programs\MiKTeX\tex/generic/pgf/ba
siclayer\pgfcorerdf.code.tex
File: pgfcorerdf.code.tex 2023-01-15 v3.1.10 (3.1.10)
)))
(C:\Users\Davud Rostam-Afschar\AppData\Local\Programs\MiKTeX\tex/latex/pgf/util
ities\xxcolor.sty
Package: xxcolor 2003/10/24 ver 0.1
\XC@nummixins=\count299
\XC@countmixins=\count300
)
(C:\Users\Davud Rostam-Afschar\AppData\Local\Programs\MiKTeX\tex/latex/base\atb
egshi-ltx.sty
Package: atbegshi-ltx 2021/01/10 v1.0c Emulation of the original atbegshi
package with kernel methods
)
(C:\Users\Davud Rostam-Afschar\AppData\Local\Programs\MiKTeX\tex/latex/hyperref
\hyperref.sty
Package: hyperref 2023-11-26 v7.01g Hypertext links for LaTeX

(C:\Users\Davud Rostam-Afschar\AppData\Local\Programs\MiKTeX\tex/generic/infwar
err\infwarerr.sty
Package: infwarerr 2019/12/03 v1.5 Providing info/warning/error messages (HO)
)
(C:\Users\Davud Rostam-Afschar\AppData\Local\Programs\MiKTeX\tex/latex/kvsetkey
s\kvsetkeys.sty
Package: kvsetkeys 2022-10-05 v1.19 Key value parser (HO)
)
(C:\Users\Davud Rostam-Afschar\AppData\Local\Programs\MiKTeX\tex/generic/kvdefi
nekeys\kvdefinekeys.sty
Package: kvdefinekeys 2019-12-19 v1.6 Define keys (HO)
)
(C:\Users\Davud Rostam-Afschar\AppData\Local\Programs\MiKTeX\tex/generic/pdfesc
ape\pdfescape.sty
Package: pdfescape 2019/12/09 v1.15 Implements pdfTeX's escape features (HO)

(C:\Users\Davud Rostam-Afschar\AppData\Local\Programs\MiKTeX\tex/generic/ltxcmd
s\ltxcmds.sty
Package: ltxcmds 2023-12-04 v1.26 LaTeX kernel commands for general use (HO)
)
(C:\Users\Davud Rostam-Afschar\AppData\Local\Programs\MiKTeX\tex/generic/pdftex
cmds\pdftexcmds.sty
Package: pdftexcmds 2020-06-27 v0.33 Utility functions of pdfTeX for LuaTeX (HO
)
Package pdftexcmds Info: \pdf@primitive is available.
Package pdftexcmds Info: \pdf@ifprimitive is available.
Package pdftexcmds Info: \pdfdraftmode found.
))
(C:\Users\Davud Rostam-Afschar\AppData\Local\Programs\MiKTeX\tex/latex/hycolor\
hycolor.sty
Package: hycolor 2020-01-27 v1.10 Color options for hyperref/bookmark (HO)
)
(C:\Users\Davud Rostam-Afschar\AppData\Local\Programs\MiKTeX\tex/latex/letltxma
cro\letltxmacro.sty
Package: letltxmacro 2019/12/03 v1.6 Let assignment for LaTeX macros (HO)
)
(C:\Users\Davud Rostam-Afschar\AppData\Local\Programs\MiKTeX\tex/latex/auxhook\
auxhook.sty
Package: auxhook 2019-12-17 v1.6 Hooks for auxiliary files (HO)
)
(C:\Users\Davud Rostam-Afschar\AppData\Local\Programs\MiKTeX\tex/latex/hyperref
\nameref.sty
Package: nameref 2023-11-26 v2.56 Cross-referencing by name of section

(C:\Users\Davud Rostam-Afschar\AppData\Local\Programs\MiKTeX\tex/latex/refcount
\refcount.sty
Package: refcount 2019/12/15 v3.6 Data extraction from label references (HO)
)
(C:\Users\Davud Rostam-Afschar\AppData\Local\Programs\MiKTeX\tex/generic/gettit
lestring\gettitlestring.sty
Package: gettitlestring 2019/12/15 v1.6 Cleanup title references (HO)

(C:\Users\Davud Rostam-Afschar\AppData\Local\Programs\MiKTeX\tex/latex/kvoption
s\kvoptions.sty
Package: kvoptions 2022-06-15 v3.15 Key value format for package options (HO)
))
\c@section@level=\count301
)
\@linkdim=\dimen269
\Hy@linkcounter=\count302
\Hy@pagecounter=\count303

(C:\Users\Davud Rostam-Afschar\AppData\Local\Programs\MiKTeX\tex/latex/hyperref
\pd1enc.def
File: pd1enc.def 2023-11-26 v7.01g Hyperref: PDFDocEncoding definition (HO)
Now handling font encoding PD1 ...
... no UTF-8 mapping file for font encoding PD1
)
(C:\Users\Davud Rostam-Afschar\AppData\Local\Programs\MiKTeX\tex/generic/intcal
c\intcalc.sty
Package: intcalc 2019/12/15 v1.3 Expandable calculations with integers (HO)
)
\Hy@SavedSpaceFactor=\count304

(C:\Users\Davud Rostam-Afschar\AppData\Local\Programs\MiKTeX\tex/latex/hyperref
\puenc.def
File: puenc.def 2023-11-26 v7.01g Hyperref: PDF Unicode definition (HO)
Now handling font encoding PU ...
... no UTF-8 mapping file for font encoding PU
)
Package hyperref Info: Option `bookmarks' set `true' on input line 4064.
Package hyperref Info: Option `bookmarksopen' set `true' on input line 4064.
Package hyperref Info: Option `implicit' set `false' on input line 4064.
Package hyperref Info: Hyper figures OFF on input line 4181.
Package hyperref Info: Link nesting OFF on input line 4186.
Package hyperref Info: Hyper index ON on input line 4189.
Package hyperref Info: Plain pages OFF on input line 4196.
Package hyperref Info: Backreferencing OFF on input line 4201.
Package hyperref Info: Implicit mode OFF; no redefinition of LaTeX internals.
Package hyperref Info: Bookmarks ON on input line 4448.
\c@Hy@tempcnt=\count305

(C:\Users\Davud Rostam-Afschar\AppData\Local\Programs\MiKTeX\tex/latex/url\url.
sty
\Urlmuskip=\muskip16
Package: url 2013/09/16  ver 3.4  Verb mode for urls, etc.
)
LaTeX Info: Redefining \url on input line 4786.
\XeTeXLinkMargin=\dimen270

(C:\Users\Davud Rostam-Afschar\AppData\Local\Programs\MiKTeX\tex/generic/bitset
\bitset.sty
Package: bitset 2019/12/09 v1.3 Handle bit-vector datatype (HO)

(C:\Users\Davud Rostam-Afschar\AppData\Local\Programs\MiKTeX\tex/generic/bigint
calc\bigintcalc.sty
Package: bigintcalc 2019/12/15 v1.5 Expandable calculations on big integers (HO
)
))
\Fld@menulength=\count306
\Field@Width=\dimen271
\Fld@charsize=\dimen272
Package hyperref Info: Hyper figures OFF on input line 6065.
Package hyperref Info: Link nesting OFF on input line 6070.
Package hyperref Info: Hyper index ON on input line 6073.
Package hyperref Info: backreferencing OFF on input line 6080.
Package hyperref Info: Link coloring OFF on input line 6085.
Package hyperref Info: Link coloring with OCG OFF on input line 6090.
Package hyperref Info: PDF/A mode OFF on input line 6095.
\Hy@abspage=\count307


Package hyperref Message: Stopped early.

)
Package hyperref Info: Driver (autodetected): hpdftex.

(C:\Users\Davud Rostam-Afschar\AppData\Local\Programs\MiKTeX\tex/latex/hyperref
\hpdftex.def
File: hpdftex.def 2023-11-26 v7.01g Hyperref driver for pdfTeX

(C:\Users\Davud Rostam-Afschar\AppData\Local\Programs\MiKTeX\tex/latex/base\atv
eryend-ltx.sty
Package: atveryend-ltx 2020/08/19 v1.0a Emulation of the original atveryend pac
kage
with kernel methods
)
\Fld@listcount=\count308
\c@bookmark@seq@number=\count309

(C:\Users\Davud Rostam-Afschar\AppData\Local\Programs\MiKTeX\tex/latex/rerunfil
echeck\rerunfilecheck.sty
Package: rerunfilecheck 2022-07-10 v1.10 Rerun checks for auxiliary files (HO)

(C:\Users\Davud Rostam-Afschar\AppData\Local\Programs\MiKTeX\tex/generic/unique
counter\uniquecounter.sty
Package: uniquecounter 2019/12/15 v1.4 Provide unlimited unique counter (HO)
)
Package uniquecounter Info: New unique counter `rerunfilecheck' on input line 2
85.
))
(C:\Users\Davud Rostam-Afschar\AppData\Local\Programs\MiKTeX\tex/latex/beamer\b
eamerbaserequires.sty
(C:\Users\Davud Rostam-Afschar\AppData\Local\Programs\MiKTeX\tex/latex/beamer\b
eamerbasecompatibility.sty)
(C:\Users\Davud Rostam-Afschar\AppData\Local\Programs\MiKTeX\tex/latex/beamer\b
eamerbasefont.sty
(C:\Users\Davud Rostam-Afschar\AppData\Local\Programs\MiKTeX\tex/latex/amsfonts
\amssymb.sty
Package: amssymb 2013/01/14 v3.01 AMS font symbols

(C:\Users\Davud Rostam-Afschar\AppData\Local\Programs\MiKTeX\tex/latex/amsfonts
\amsfonts.sty
Package: amsfonts 2013/01/14 v3.01 Basic AMSFonts support
\@emptytoks=\toks31
\symAMSa=\mathgroup4
\symAMSb=\mathgroup5
LaTeX Font Info:    Redeclaring math symbol \hbar on input line 98.
LaTeX Font Info:    Overwriting math alphabet `\mathfrak' in version `bold'
(Font)                  U/euf/m/n --> U/euf/b/n on input line 106.
))
(C:\Users\Davud Rostam-Afschar\AppData\Local\Programs\MiKTeX\tex/latex/sansmath
accent\sansmathaccent.sty
Package: sansmathaccent 2020/01/31

(C:\Users\Davud Rostam-Afschar\AppData\Local\Programs\MiKTeX\tex/latex/koma-scr
ipt\scrlfile.sty
Package: scrlfile 2023/07/07 v3.41 KOMA-Script package (file load hooks)

(C:\Users\Davud Rostam-Afschar\AppData\Local\Programs\MiKTeX\tex/latex/koma-scr
ipt\scrlfile-hook.sty
Package: scrlfile-hook 2023/07/07 v3.41 KOMA-Script package (using LaTeX hooks)


(C:\Users\Davud Rostam-Afschar\AppData\Local\Programs\MiKTeX\tex/latex/koma-scr
ipt\scrlogo.sty
Package: scrlogo 2023/07/07 v3.41 KOMA-Script package (logo)
)))))
(C:\Users\Davud Rostam-Afschar\AppData\Local\Programs\MiKTeX\tex/latex/beamer\b
eamerbasetranslator.sty
(C:\Users\Davud Rostam-Afschar\AppData\Local\Programs\MiKTeX\tex/latex/translat
or\translator.sty
Package: translator 2021-05-31 v1.12d Easy translation of strings in LaTeX
))
(C:\Users\Davud Rostam-Afschar\AppData\Local\Programs\MiKTeX\tex/latex/beamer\b
eamerbasemisc.sty)
(C:\Users\Davud Rostam-Afschar\AppData\Local\Programs\MiKTeX\tex/latex/beamer\b
eamerbasetwoscreens.sty)
(C:\Users\Davud Rostam-Afschar\AppData\Local\Programs\MiKTeX\tex/latex/beamer\b
eamerbaseoverlay.sty
\beamer@argscount=\count310
\beamer@lastskipcover=\skip54
\beamer@trivlistdepth=\count311
)
(C:\Users\Davud Rostam-Afschar\AppData\Local\Programs\MiKTeX\tex/latex/beamer\b
eamerbasetitle.sty)
(C:\Users\Davud Rostam-Afschar\AppData\Local\Programs\MiKTeX\tex/latex/beamer\b
eamerbasesection.sty
\c@lecture=\count312
\c@part=\count313
\c@section=\count314
\c@subsection=\count315
\c@subsubsection=\count316
)
(C:\Users\Davud Rostam-Afschar\AppData\Local\Programs\MiKTeX\tex/latex/beamer\b
eamerbaseframe.sty
\beamer@framebox=\box68
\beamer@frametitlebox=\box69
\beamer@zoombox=\box70
\beamer@zoomcount=\count317
\beamer@zoomframecount=\count318
\beamer@frametextheight=\dimen273
\c@subsectionslide=\count319
\beamer@frametopskip=\skip55
\beamer@framebottomskip=\skip56
\beamer@frametopskipautobreak=\skip57
\beamer@framebottomskipautobreak=\skip58
\beamer@envbody=\toks32
\framewidth=\dimen274
\c@framenumber=\count320
)
(C:\Users\Davud Rostam-Afschar\AppData\Local\Programs\MiKTeX\tex/latex/beamer\b
eamerbaseverbatim.sty
\beamer@verbatimfileout=\write4
)
(C:\Users\Davud Rostam-Afschar\AppData\Local\Programs\MiKTeX\tex/latex/beamer\b
eamerbaseframesize.sty
\beamer@splitbox=\box71
\beamer@autobreakcount=\count321
\beamer@autobreaklastheight=\dimen275
\beamer@frametitletoks=\toks33
\beamer@framesubtitletoks=\toks34
)
(C:\Users\Davud Rostam-Afschar\AppData\Local\Programs\MiKTeX\tex/latex/beamer\b
eamerbaseframecomponents.sty
\beamer@footins=\box72
)
(C:\Users\Davud Rostam-Afschar\AppData\Local\Programs\MiKTeX\tex/latex/beamer\b
eamerbasecolor.sty)
(C:\Users\Davud Rostam-Afschar\AppData\Local\Programs\MiKTeX\tex/latex/beamer\b
eamerbasenotes.sty
\beamer@frameboxcopy=\box73
)
(C:\Users\Davud Rostam-Afschar\AppData\Local\Programs\MiKTeX\tex/latex/beamer\b
eamerbasetoc.sty)
(C:\Users\Davud Rostam-Afschar\AppData\Local\Programs\MiKTeX\tex/latex/beamer\b
eamerbasetemplates.sty
\beamer@sbttoks=\toks35

(C:\Users\Davud Rostam-Afschar\AppData\Local\Programs\MiKTeX\tex/latex/beamer\b
eamerbaseauxtemplates.sty
(C:\Users\Davud Rostam-Afschar\AppData\Local\Programs\MiKTeX\tex/latex/beamer\b
eamerbaseboxes.sty
\bmb@box=\box74
\bmb@colorbox=\box75
\bmb@boxwidth=\dimen276
\bmb@boxheight=\dimen277
\bmb@prevheight=\dimen278
\bmb@temp=\dimen279
\bmb@dima=\dimen280
\bmb@dimb=\dimen281
\bmb@prevheight=\dimen282
)
\beamer@blockheadheight=\dimen283
))
(C:\Users\Davud Rostam-Afschar\AppData\Local\Programs\MiKTeX\tex/latex/beamer\b
eamerbaselocalstructure.sty
(C:\Users\Davud Rostam-Afschar\AppData\Local\Programs\MiKTeX\tex/latex/tools\en
umerate.sty
Package: enumerate 2023/07/04 v3.00 enumerate extensions (DPC)
\@enLab=\toks36
)
\beamer@bibiconwidth=\skip59
\c@figure=\count322
\c@table=\count323
\abovecaptionskip=\skip60
\belowcaptionskip=\skip61
)
(C:\Users\Davud Rostam-Afschar\AppData\Local\Programs\MiKTeX\tex/latex/beamer\b
eamerbasenavigation.sty
(C:\Users\Davud Rostam-Afschar\AppData\Local\Programs\MiKTeX\tex/latex/beamer\b
eamerbasenavigationsymbols.tex)
\beamer@section@min@dim=\dimen284
)
(C:\Users\Davud Rostam-Afschar\AppData\Local\Programs\MiKTeX\tex/latex/beamer\b
eamerbasetheorems.sty
(C:\Users\Davud Rostam-Afschar\AppData\Local\Programs\MiKTeX\tex/latex/amsmath\
amsmath.sty
Package: amsmath 2023/05/13 v2.17o AMS math features
\@mathmargin=\skip62

For additional information on amsmath, use the `?' option.

(C:\Users\Davud Rostam-Afschar\AppData\Local\Programs\MiKTeX\tex/latex/amsmath\
amstext.sty
Package: amstext 2021/08/26 v2.01 AMS text

(C:\Users\Davud Rostam-Afschar\AppData\Local\Programs\MiKTeX\tex/latex/amsmath\
amsgen.sty
File: amsgen.sty 1999/11/30 v2.0 generic functions
\@emptytoks=\toks37
\ex@=\dimen285
))
(C:\Users\Davud Rostam-Afschar\AppData\Local\Programs\MiKTeX\tex/latex/amsmath\
amsbsy.sty
Package: amsbsy 1999/11/29 v1.2d Bold Symbols
\pmbraise@=\dimen286
)
(C:\Users\Davud Rostam-Afschar\AppData\Local\Programs\MiKTeX\tex/latex/amsmath\
amsopn.sty
Package: amsopn 2022/04/08 v2.04 operator names
)
\inf@bad=\count324
LaTeX Info: Redefining \frac on input line 234.
\uproot@=\count325
\leftroot@=\count326
LaTeX Info: Redefining \overline on input line 399.
LaTeX Info: Redefining \colon on input line 410.
\classnum@=\count327
\DOTSCASE@=\count328
LaTeX Info: Redefining \ldots on input line 496.
LaTeX Info: Redefining \dots on input line 499.
LaTeX Info: Redefining \cdots on input line 620.
\Mathstrutbox@=\box76
\strutbox@=\box77
LaTeX Info: Redefining \big on input line 722.
LaTeX Info: Redefining \Big on input line 723.
LaTeX Info: Redefining \bigg on input line 724.
LaTeX Info: Redefining \Bigg on input line 725.
\big@size=\dimen287
LaTeX Font Info:    Redeclaring font encoding OML on input line 743.
LaTeX Font Info:    Redeclaring font encoding OMS on input line 744.
\macc@depth=\count329
LaTeX Info: Redefining \bmod on input line 905.
LaTeX Info: Redefining \pmod on input line 910.
LaTeX Info: Redefining \smash on input line 940.
LaTeX Info: Redefining \relbar on input line 970.
LaTeX Info: Redefining \Relbar on input line 971.
\c@MaxMatrixCols=\count330
\dotsspace@=\muskip17
\c@parentequation=\count331
\dspbrk@lvl=\count332
\tag@help=\toks38
\row@=\count333
\column@=\count334
\maxfields@=\count335
\andhelp@=\toks39
\eqnshift@=\dimen288
\alignsep@=\dimen289
\tagshift@=\dimen290
\tagwidth@=\dimen291
\totwidth@=\dimen292
\lineht@=\dimen293
\@envbody=\toks40
\multlinegap=\skip63
\multlinetaggap=\skip64
\mathdisplay@stack=\toks41
LaTeX Info: Redefining \[ on input line 2953.
LaTeX Info: Redefining \] on input line 2954.
)
(C:\Users\Davud Rostam-Afschar\AppData\Local\Programs\MiKTeX\tex/latex/amscls\a
msthm.sty
Package: amsthm 2020/05/29 v2.20.6
\thm@style=\toks42
\thm@bodyfont=\toks43
\thm@headfont=\toks44
\thm@notefont=\toks45
\thm@headpunct=\toks46
\thm@preskip=\skip65
\thm@postskip=\skip66
\thm@headsep=\skip67
\dth@everypar=\toks47
)
\c@theorem=\count336
)
(C:\Users\Davud Rostam-Afschar\AppData\Local\Programs\MiKTeX\tex/latex/beamer\b
eamerbasethemes.sty))
(C:\Users\Davud Rostam-Afschar\AppData\Local\Programs\MiKTeX\tex/latex/beamer\b
eamerthemedefault.sty
(C:\Users\Davud Rostam-Afschar\AppData\Local\Programs\MiKTeX\tex/latex/beamer\b
eamerfontthemedefault.sty)
(C:\Users\Davud Rostam-Afschar\AppData\Local\Programs\MiKTeX\tex/latex/beamer\b
eamercolorthemedefault.sty)
(C:\Users\Davud Rostam-Afschar\AppData\Local\Programs\MiKTeX\tex/latex/beamer\b
eamerinnerthemedefault.sty
\beamer@dima=\dimen294
\beamer@dimb=\dimen295
)
(C:\Users\Davud Rostam-Afschar\AppData\Local\Programs\MiKTeX\tex/latex/beamer\b
eamerouterthemedefault.sty)))
(C:\Users\Davud Rostam-Afschar\AppData\Local\Programs\MiKTeX\tex/latex/etex-pkg
\etex.sty
Package: etex 2016/08/01 v2.7 eTeX basic definition package (PEB,DPC)


Package etex Warning: Extended allocation already in use.
(etex)                etex.sty code will not be used.
(etex)                To force etex package to load, add
(etex)                \RequirePackage{etex}
(etex)                at the start of the document.

)
(C:\Users\Davud Rostam-Afschar\AppData\Local\Programs\MiKTeX\tex/latex/epstopdf
-pkg\epstopdf.sty
Package: epstopdf 2020-01-24 v2.11 Conversion with epstopdf on the fly (HO)

(C:\Users\Davud Rostam-Afschar\AppData\Local\Programs\MiKTeX\tex/latex/grfext\g
rfext.sty
Package: grfext 2019/12/03 v1.3 Manage graphics extensions (HO)
)
(C:\Users\Davud Rostam-Afschar\AppData\Local\Programs\MiKTeX\tex/latex/epstopdf
-pkg\epstopdf-base.sty
Package: epstopdf-base 2020-01-24 v2.11 Base part for package epstopdf
Package epstopdf-base Info: Redefining graphics rule for `.eps' on input line 4
85.
Package grfext Info: Graphics extension search list:
(grfext)             [.pdf,.png,.jpg,.mps,.jpeg,.jbig2,.jb2,.PDF,.PNG,.JPG,.JPE
G,.JBIG2,.JB2,.eps]
(grfext)             \AppendGraphicsExtensions on input line 504.

(C:\Users\Davud Rostam-Afschar\AppData\Local\Programs\MiKTeX\tex/latex/00miktex
\epstopdf-sys.cfg
File: epstopdf-sys.cfg 2021/03/18 v2.0 Configuration of epstopdf for MiKTeX
)))
(C:\Users\Davud Rostam-Afschar\AppData\Local\Programs\MiKTeX\tex/generic/babel\
babel.sty
Package: babel 2023/12/10 v3.99 The Babel package
\babel@savecnt=\count337
\U@D=\dimen296
\l@unhyphenated=\language79

(C:\Users\Davud Rostam-Afschar\AppData\Local\Programs\MiKTeX\tex/generic/babel\
txtbabel.def)
\bbl@readstream=\read3
LaTeX Info: Redefining \textlatin on input line 3986.
\bbl@dirlevel=\count338

*************************************
* Local config file bblopts.cfg used
*

(C:\Users\Davud Rostam-Afschar\AppData\Local\Programs\MiKTeX\tex/latex/arabi\bb
lopts.cfg
File: bblopts.cfg 2005/09/08 v0.1 add Arabic and Farsi to "declared" options of
 babel
)
(C:\Users\Davud Rostam-Afschar\AppData\Local\Programs\MiKTeX\tex/latex/babel-en
glish\english.ldf
Language: english 2017/06/06 v3.3r English support from the babel system
Package babel Info: Hyphen rules for 'canadian' set to \l@english
(babel)             (\language0). Reported on input line 102.
Package babel Info: Hyphen rules for 'australian' set to \l@ukenglish
(babel)             (\language73). Reported on input line 105.
Package babel Info: Hyphen rules for 'newzealand' set to \l@ukenglish
(babel)             (\language73). Reported on input line 108.
))
(C:\Users\Davud Rostam-Afschar\AppData\Local\Programs\MiKTeX\tex/generic/babel/
locale/en\babel-english.tex
Package babel Info: Importing font and identification data for english
(babel)             from babel-en.ini. Reported on input line 11.
)
(C:\Users\Davud Rostam-Afschar\AppData\Local\Programs\MiKTeX\tex/latex/tools\ta
bularx.sty
Package: tabularx 2023/07/08 v2.11c `tabularx' package (DPC)
\TX@col@width=\dimen297
\TX@old@table=\dimen298
\TX@old@col=\dimen299
\TX@target=\dimen300
\TX@delta=\dimen301
\TX@cols=\count339
\TX@ftn=\toks48
)
(C:\Users\Davud Rostam-Afschar\AppData\Local\Programs\MiKTeX\tex/latex/booktabs
\booktabs.sty
Package: booktabs 2020/01/12 v1.61803398 Publication quality tables
\heavyrulewidth=\dimen302
\lightrulewidth=\dimen303
\cmidrulewidth=\dimen304
\belowrulesep=\dimen305
\belowbottomsep=\dimen306
\aboverulesep=\dimen307
\abovetopsep=\dimen308
\cmidrulesep=\dimen309
\cmidrulekern=\dimen310
\defaultaddspace=\dimen311
\@cmidla=\count340
\@cmidlb=\count341
\@aboverulesep=\dimen312
\@belowrulesep=\dimen313
\@thisruleclass=\count342
\@lastruleclass=\count343
\@thisrulewidth=\dimen314
)
(C:\Users\Davud Rostam-Afschar\AppData\Local\Programs\MiKTeX\tex/latex/jknappen
\mathrsfs.sty
Package: mathrsfs 1996/01/01 Math RSFS package v1.0 (jk)
\symrsfs=\mathgroup6
)
(C:\Users\Davud Rostam-Afschar\AppData\Local\Programs\MiKTeX\tex/latex/tools\mu
lticol.sty
Package: multicol 2023/03/30 v1.9f multicolumn formatting (FMi)
\c@tracingmulticols=\count344
\mult@box=\box78
\multicol@leftmargin=\dimen315
\c@unbalance=\count345
\c@collectmore=\count346
\doublecol@number=\count347
\multicoltolerance=\count348
\multicolpretolerance=\count349
\full@width=\dimen316
\page@free=\dimen317
\premulticols=\dimen318
\postmulticols=\dimen319
\multicolsep=\skip68
\multicolbaselineskip=\skip69
\partial@page=\box79
\last@line=\box80
\mc@boxedresult=\box81
\maxbalancingoverflow=\dimen320
\mult@rightbox=\box82
\mult@grightbox=\box83
\mult@firstbox=\box84
\mult@gfirstbox=\box85
\@tempa=\box86
\@tempa=\box87
\@tempa=\box88
\@tempa=\box89
\@tempa=\box90
\@tempa=\box91
\@tempa=\box92
\@tempa=\box93
\@tempa=\box94
\@tempa=\box95
\@tempa=\box96
\@tempa=\box97
\@tempa=\box98
\@tempa=\box99
\@tempa=\box100
\@tempa=\box101
\@tempa=\box102
\@tempa=\box103
\@tempa=\box104
\@tempa=\box105
\@tempa=\box106
\@tempa=\box107
\@tempa=\box108
\@tempa=\box109
\@tempa=\box110
\@tempa=\box111
\@tempa=\box112
\@tempa=\box113
\@tempa=\box114
\@tempa=\box115
\@tempa=\box116
\@tempa=\box117
\@tempa=\box118
\@tempa=\box119
\@tempa=\box120
\@tempa=\box121
\c@minrows=\count350
\c@columnbadness=\count351
\c@finalcolumnbadness=\count352
\last@try=\dimen321
\multicolovershoot=\dimen322
\multicolundershoot=\dimen323
\mult@nat@firstbox=\box122
\colbreak@box=\box123
\mc@col@check@num=\count353
)
\sympureletters=\mathgroup7
LaTeX Font Info:    Overwriting symbol font `pureletters' in version `bold'
(Font)                  OT1/mathkerncmss/m/sl --> OT1/mathkerncmss/bx/sl on inp
ut line 12.

(C:\Users\Davud Rostam-Afschar\AppData\Local\Programs\MiKTeX\tex/latex/tools\bm
.sty
Package: bm 2023/07/08 v1.2f Bold Symbol Support (DPC/FMi)
\symboldoperators=\mathgroup8
\symboldletters=\mathgroup9
\symboldsymbols=\mathgroup10
Package bm Info: No bold for \OMX/cmex/m/n, using \pmb.
Package bm Info: No bold for \U/msa/m/n, using \pmb.
Package bm Info: No bold for \U/msb/m/n, using \pmb.
Package bm Info: No bold for \U/rsfs/m/n, using \pmb.
\symboldpureletters=\mathgroup11
LaTeX Font Info:    Redeclaring math alphabet \mathbf on input line 149.
)
(C:\Users\Davud Rostam-Afschar\AppData\Local\Programs\MiKTeX\tex/latex/caption\
subcaption.sty
Package: subcaption 2023/07/28 v1.6b Sub-captions (AR)

(C:\Users\Davud Rostam-Afschar\AppData\Local\Programs\MiKTeX\tex/latex/caption\
caption.sty
Package: caption 2023/08/05 v3.6o Customizing captions (AR)

(C:\Users\Davud Rostam-Afschar\AppData\Local\Programs\MiKTeX\tex/latex/caption\
caption3.sty
Package: caption3 2023/07/31 v2.4d caption3 kernel (AR)
\caption@tempdima=\dimen324
\captionmargin=\dimen325
\caption@leftmargin=\dimen326
\caption@rightmargin=\dimen327
\caption@width=\dimen328
\caption@indent=\dimen329
\caption@parindent=\dimen330
\caption@hangindent=\dimen331
Package caption Info: beamer document class detected.

(C:\Users\Davud Rostam-Afschar\AppData\Local\Programs\MiKTeX\tex/latex/caption\
caption-beamer.sto
File: caption-beamer.sto 2022/01/06 v2.0c Adaption of the caption package to th
e beamer document classes (AR)
))
\c@caption@flags=\count354
\c@continuedfloat=\count355
Package caption Info: hyperref package is loaded.
Package caption Info: Hyperref support is turned off
(caption)             because hyperref has stopped early.
)
Package caption Info: New subtype `subfigure' on input line 238.
\c@subfigure=\count356
Package caption Info: New subtype `subtable' on input line 238.
\c@subtable=\count357
)
(C:\Users\Davud Rostam-Afschar\AppData\Local\Programs\MiKTeX\tex/latex/wrapfig\
wrapfig.sty
\wrapoverhang=\dimen332
\WF@size=\dimen333
\c@WF@wrappedlines=\count358
\WF@box=\box124
\WF@everypar=\toks49
Package: wrapfig 2003/01/31  v 3.6
)
(C:\Users\Davud Rostam-Afschar\AppData\Local\Programs\MiKTeX\tex/latex/tools\dc
olumn.sty
Package: dcolumn 2023/07/08 v1.06 decimal alignment package (DPC)
)
(C:\Users\Davud Rostam-Afschar\AppData\Local\Programs\MiKTeX\tex/latex/threepar
ttable\threeparttable.sty
Package: threeparttable 2003/06/13  v 3.0
\@tempboxb=\box125
)
(C:\Users\Davud Rostam-Afschar\AppData\Local\Programs\MiKTeX\tex/latex/bbm\bbm.
sty
Package: bbm 1999/03/15 V 1.2 provides fonts for set symbols - TH
LaTeX Font Info:    Overwriting math alphabet `\mathbbm' in version `bold'
(Font)                  U/bbm/m/n --> U/bbm/bx/n on input line 33.
LaTeX Font Info:    Overwriting math alphabet `\mathbbmss' in version `bold'
(Font)                  U/bbmss/m/n --> U/bbmss/bx/n on input line 35.
)
(C:\Users\Davud Rostam-Afschar\AppData\Local\Programs\MiKTeX\tex/latex/doublest
roke\dsfont.sty
Package: dsfont 1995/08/01 v0.1 Double stroke roman fonts
)
(C:\Users\Davud Rostam-Afschar\AppData\Local\Programs\MiKTeX\tex/latex/listings
\listings.sty
\lst@mode=\count359
\lst@gtempboxa=\box126
\lst@token=\toks50
\lst@length=\count360
\lst@currlwidth=\dimen334
\lst@column=\count361
\lst@pos=\count362
\lst@lostspace=\dimen335
\lst@width=\dimen336
\lst@newlines=\count363
\lst@lineno=\count364
\lst@maxwidth=\dimen337

(C:\Users\Davud Rostam-Afschar\AppData\Local\Programs\MiKTeX\tex/latex/listings
\lstmisc.sty
File: lstmisc.sty 2023/02/27 1.9 (Carsten Heinz)
\c@lstnumber=\count365
\lst@skipnumbers=\count366
\lst@framebox=\box127
)
(C:\Users\Davud Rostam-Afschar\AppData\Local\Programs\MiKTeX\tex/latex/listings
\listings.cfg
File: listings.cfg 2023/02/27 1.9 listings configuration
))
Package: listings 2023/02/27 1.9 (Carsten Heinz)

(C:\Users\Davud Rostam-Afschar\AppData\Local\Programs\MiKTeX\tex/latex/graphics
\rotating.sty
Package: rotating 2016/08/11 v2.16d rotated objects in LaTeX

(C:\Users\Davud Rostam-Afschar\AppData\Local\Programs\MiKTeX\tex/latex/base\ift
hen.sty
Package: ifthen 2022/04/13 v1.1d Standard LaTeX ifthen package (DPC)
)
\c@r@tfl@t=\count367
\rotFPtop=\skip70
\rotFPbot=\skip71
\rot@float@box=\box128
\rot@mess@toks=\toks51
)
(C:\Users\Davud Rostam-Afschar\AppData\Local\Programs\MiKTeX\tex/latex/multirow
\multirow.sty
Package: multirow 2021/03/15 v2.8 Span multiple rows of a table
\multirow@colwidth=\skip72
\multirow@cntb=\count368
\multirow@dima=\skip73
\bigstrutjot=\dimen338
)
(C:\Users\Davud Rostam-Afschar\AppData\Local\Programs\MiKTeX\tex/latex/natbib\n
atbib.sty
Package: natbib 2010/09/13 8.31b (PWD, AO)
\bibhang=\skip74
\bibsep=\skip75
LaTeX Info: Redefining \cite on input line 694.
\c@NAT@ctr=\count369
)
(C:\Users\Davud Rostam-Afschar\AppData\Local\Programs\MiKTeX\tex/latex/circleds
teps\circledsteps.sty
Package: circledsteps 2023/08/11 v1.3.3 Circled steps that you can reference

(C:\Users\Davud Rostam-Afschar\AppData\Local\Programs\MiKTeX\tex/latex/pict2e\p
ict2e.sty
Package: pict2e 2020/09/30 v0.4b Improved picture commands (HjG,RN,JT)

(C:\Users\Davud Rostam-Afschar\AppData\Local\Programs\MiKTeX\tex/latex/pict2e\p
ict2e.cfg
File: pict2e.cfg 2016/02/05 v0.1u pict2e configuration for teTeX/TeXLive
)
Package pict2e Info: Driver file: pdftex.def on input line 112.
Package pict2e Info: Driver file for pict2e: p2e-pdftex.def on input line 114.

(C:\Users\Davud Rostam-Afschar\AppData\Local\Programs\MiKTeX\tex/latex/pict2e\p
2e-pdftex.def
File: p2e-pdftex.def 2016/02/05 v0.1u Driver-dependant file (RN,HjG,JT)
)
\pIIe@GRAPH=\toks52
\@arclen=\dimen339
\@arcrad=\dimen340
\pIIe@tempdima=\dimen341
\pIIe@tempdimb=\dimen342
\pIIe@tempdimc=\dimen343
\pIIe@tempdimd=\dimen344
\pIIe@tempdime=\dimen345
\pIIe@tempdimf=\dimen346
)
(C:\Users\Davud Rostam-Afschar\AppData\Local\Programs\MiKTeX\tex/latex/picture\
picture.sty
Package: picture 2020-04-22 v1.6 Dimens for picture macros (HO)
Package picture Info: Calculation method: etex.
)
\csteps@CBox=\box129
\csteps@XLength=\skip76
\csteps@YLength=\skip77
\csteps@YDepth=\skip78
\csteps@tmplen=\skip79
\c@cstepcnt=\count370
)
(C:\Users\Davud Rostam-Afschar\AppData\Local\Programs\MiKTeX\tex/latex/pgf/fron
tendlayer\tikz.sty
(C:\Users\Davud Rostam-Afschar\AppData\Local\Programs\MiKTeX\tex/latex/pgf/basi
clayer\pgf.sty
Package: pgf 2023-01-15 v3.1.10 (3.1.10)

(C:\Users\Davud Rostam-Afschar\AppData\Local\Programs\MiKTeX\tex/generic/pgf/mo
dules\pgfmoduleshapes.code.tex
File: pgfmoduleshapes.code.tex 2023-01-15 v3.1.10 (3.1.10)
\pgfnodeparttextbox=\box130
)
(C:\Users\Davud Rostam-Afschar\AppData\Local\Programs\MiKTeX\tex/generic/pgf/mo
dules\pgfmoduleplot.code.tex
File: pgfmoduleplot.code.tex 2023-01-15 v3.1.10 (3.1.10)
)
(C:\Users\Davud Rostam-Afschar\AppData\Local\Programs\MiKTeX\tex/latex/pgf/comp
atibility\pgfcomp-version-0-65.sty
Package: pgfcomp-version-0-65 2023-01-15 v3.1.10 (3.1.10)
\pgf@nodesepstart=\dimen347
\pgf@nodesepend=\dimen348
)
(C:\Users\Davud Rostam-Afschar\AppData\Local\Programs\MiKTeX\tex/latex/pgf/comp
atibility\pgfcomp-version-1-18.sty
Package: pgfcomp-version-1-18 2023-01-15 v3.1.10 (3.1.10)
))
(C:\Users\Davud Rostam-Afschar\AppData\Local\Programs\MiKTeX\tex/latex/pgf/util
ities\pgffor.sty
(C:\Users\Davud Rostam-Afschar\AppData\Local\Programs\MiKTeX\tex/generic/pgf/ut
ilities\pgffor.code.tex
Package: pgffor 2023-01-15 v3.1.10 (3.1.10)
\pgffor@iter=\dimen349
\pgffor@skip=\dimen350
\pgffor@stack=\toks53
\pgffor@toks=\toks54
))
(C:\Users\Davud Rostam-Afschar\AppData\Local\Programs\MiKTeX\tex/generic/pgf/fr
ontendlayer/tikz\tikz.code.tex
Package: tikz 2023-01-15 v3.1.10 (3.1.10)

(C:\Users\Davud Rostam-Afschar\AppData\Local\Programs\MiKTeX\tex/generic/pgf/li
braries\pgflibraryplothandlers.code.tex
File: pgflibraryplothandlers.code.tex 2023-01-15 v3.1.10 (3.1.10)
\pgf@plot@mark@count=\count371
\pgfplotmarksize=\dimen351
)
\tikz@lastx=\dimen352
\tikz@lasty=\dimen353
\tikz@lastxsaved=\dimen354
\tikz@lastysaved=\dimen355
\tikz@lastmovetox=\dimen356
\tikz@lastmovetoy=\dimen357
\tikzleveldistance=\dimen358
\tikzsiblingdistance=\dimen359
\tikz@figbox=\box131
\tikz@figbox@bg=\box132
\tikz@tempbox=\box133
\tikz@tempbox@bg=\box134
\tikztreelevel=\count372
\tikznumberofchildren=\count373
\tikznumberofcurrentchild=\count374
\tikz@fig@count=\count375

(C:\Users\Davud Rostam-Afschar\AppData\Local\Programs\MiKTeX\tex/generic/pgf/mo
dules\pgfmodulematrix.code.tex
File: pgfmodulematrix.code.tex 2023-01-15 v3.1.10 (3.1.10)
\pgfmatrixcurrentrow=\count376
\pgfmatrixcurrentcolumn=\count377
\pgf@matrix@numberofcolumns=\count378
)
\tikz@expandcount=\count379

(C:\Users\Davud Rostam-Afschar\AppData\Local\Programs\MiKTeX\tex/generic/pgf/fr
ontendlayer/tikz/libraries\tikzlibrarytopaths.code.tex
File: tikzlibrarytopaths.code.tex 2023-01-15 v3.1.10 (3.1.10)
)))
(C:\Users\Davud Rostam-Afschar\AppData\Local\Programs\MiKTeX\tex/generic/pgf/fr
ontendlayer/tikz/libraries\tikzlibraryarrows.code.tex
File: tikzlibraryarrows.code.tex 2023-01-15 v3.1.10 (3.1.10)

(C:\Users\Davud Rostam-Afschar\AppData\Local\Programs\MiKTeX\tex/generic/pgf/li
braries\pgflibraryarrows.code.tex
File: pgflibraryarrows.code.tex 2023-01-15 v3.1.10 (3.1.10)
\arrowsize=\dimen360
))
(C:\Users\Davud Rostam-Afschar\AppData\Local\Programs\MiKTeX\tex/generic/pgf/fr
ontendlayer/tikz/libraries\tikzlibrarydecorations.pathmorphing.code.tex
(C:\Users\Davud Rostam-Afschar\AppData\Local\Programs\MiKTeX\tex/generic/pgf/fr
ontendlayer/tikz/libraries\tikzlibrarydecorations.code.tex
(C:\Users\Davud Rostam-Afschar\AppData\Local\Programs\MiKTeX\tex/generic/pgf/mo
dules\pgfmoduledecorations.code.tex
\pgfdecoratedcompleteddistance=\dimen361
\pgfdecoratedremainingdistance=\dimen362
\pgfdecoratedinputsegmentcompleteddistance=\dimen363
\pgfdecoratedinputsegmentremainingdistance=\dimen364
\pgf@decorate@distancetomove=\dimen365
\pgf@decorate@repeatstate=\count380
\pgfdecorationsegmentamplitude=\dimen366
\pgfdecorationsegmentlength=\dimen367
)
\tikz@lib@dec@box=\box135
)
(C:\Users\Davud Rostam-Afschar\AppData\Local\Programs\MiKTeX\tex/generic/pgf/li
braries/decorations\pgflibrarydecorations.pathmorphing.code.tex))
(C:\Users\Davud Rostam-Afschar\AppData\Local\Programs\MiKTeX\tex/generic/pgf/fr
ontendlayer/tikz/libraries\tikzlibrarybackgrounds.code.tex
File: tikzlibrarybackgrounds.code.tex 2023-01-15 v3.1.10 (3.1.10)
\pgf@layerbox@background=\box136
\pgf@layerboxsaved@background=\box137
)
(C:\Users\Davud Rostam-Afschar\AppData\Local\Programs\MiKTeX\tex/generic/pgf/fr
ontendlayer/tikz/libraries\tikzlibraryfit.code.tex
File: tikzlibraryfit.code.tex 2023-01-15 v3.1.10 (3.1.10)
)
(C:\Users\Davud Rostam-Afschar\AppData\Local\Programs\MiKTeX\tex/generic/pgf/fr
ontendlayer/tikz/libraries\tikzlibrarypositioning.code.tex
File: tikzlibrarypositioning.code.tex 2023-01-15 v3.1.10 (3.1.10)
)
(C:\Users\Davud Rostam-Afschar\AppData\Local\Programs\MiKTeX\tex/generic/pgf/fr
ontendlayer/tikz/libraries\tikzlibraryshapes.symbols.code.tex
File: tikzlibraryshapes.symbols.code.tex 2023-01-15 v3.1.10 (3.1.10)

(C:\Users\Davud Rostam-Afschar\AppData\Local\Programs\MiKTeX\tex/generic/pgf/li
braries/shapes\pgflibraryshapes.symbols.code.tex
File: pgflibraryshapes.symbols.code.tex 2023-01-15 v3.1.10 (3.1.10)
))
(C:\Users\Davud Rostam-Afschar\AppData\Local\Programs\MiKTeX\tex/generic/pgf/fr
ontendlayer/tikz/libraries\tikzlibrarychains.code.tex
File: tikzlibrarychains.code.tex 2023-01-15 v3.1.10 (3.1.10)
)
(C:\Users\Davud Rostam-Afschar\AppData\Local\Programs\MiKTeX\tex/latex/beamer\b
eamercolorthemelily.sty)
(C:\Users\Davud Rostam-Afschar\AppData\Local\Programs\MiKTeX\tex/latex/listings
\lstlang1.sty
File: lstlang1.sty 2023/02/27 1.9 listings language file
)
(C:\Users\Davud Rostam-Afschar\AppData\Local\Programs\MiKTeX\tex/latex/concmath
\concmath.sty
Package: concmath 1999/03/10 v2.0b LaTeX package for Concrete math fonts
LaTeX Font Info:    Redeclaring symbol font `operators' on input line 43.
LaTeX Font Info:    Overwriting symbol font `operators' in version `normal'
(Font)                  OT1/cmr/m/n --> OT1/ccr/m/n on input line 43.
LaTeX Font Info:    Overwriting symbol font `operators' in version `bold'
(Font)                  OT1/cmr/bx/n --> OT1/ccr/m/n on input line 43.
LaTeX Font Info:    Redeclaring symbol font `letters' on input line 44.
LaTeX Font Info:    Overwriting symbol font `letters' in version `normal'
(Font)                  OML/cmm/m/it --> OML/ccm/m/it on input line 44.
LaTeX Font Info:    Overwriting symbol font `letters' in version `bold'
(Font)                  OML/cmm/b/it --> OML/ccm/m/it on input line 44.
LaTeX Font Info:    Redeclaring symbol font `symbols' on input line 45.
LaTeX Font Info:    Overwriting symbol font `symbols' in version `normal'
(Font)                  OMS/cmsy/m/n --> OMS/ccsy/m/n on input line 45.
LaTeX Font Info:    Overwriting symbol font `symbols' in version `bold'
(Font)                  OMS/cmsy/b/n --> OMS/ccsy/m/n on input line 45.
LaTeX Font Info:    Redeclaring symbol font `largesymbols' on input line 46.
LaTeX Font Info:    Overwriting symbol font `largesymbols' in version `normal'
(Font)                  OMX/cmex/m/n --> OMX/ccex/m/n on input line 46.
LaTeX Font Info:    Overwriting symbol font `largesymbols' in version `bold'
(Font)                  OMX/cmex/m/n --> OMX/ccex/m/n on input line 46.
LaTeX Font Info:    Overwriting symbol font `operators' in version `bold'
(Font)                  OT1/ccr/m/n --> OT1/ccr/bx/n on input line 47.
LaTeX Font Info:    Overwriting symbol font `letters' in version `bold'
(Font)                  OML/ccm/m/it --> OML/ccm/b/it on input line 48.
LaTeX Font Info:    Overwriting symbol font `symbols' in version `bold'
(Font)                  OMS/ccsy/m/n --> OMS/ccsy/b/n on input line 49.
LaTeX Font Info:    Redeclaring math alphabet \mathbf on input line 53.
LaTeX Font Info:    Redeclaring math alphabet \mathit on input line 54.
LaTeX Font Info:    Overwriting math alphabet `\mathit' in version `normal'
(Font)                  OT1/cmr/m/it --> OT1/ccr/m/it on input line 54.
LaTeX Font Info:    Overwriting math alphabet `\mathit' in version `bold'
(Font)                  OT1/cmr/bx/it --> OT1/ccr/m/it on input line 54.
)

Package hyperref Warning: Option `bookmarks' has already been used,
(hyperref)                setting the option has no effect on input line 129.

Package hyperref Info: Option `unicode' set `false' on input line 129.
Package hyperref Info: Option `pdftoolbar' set `false' on input line 129.
Package hyperref Info: Option `pdffitwindow' set `true' on input line 129.
Package hyperref Info: Option `pdfnewwindow' set `true' on input line 129.
\c@proposition=\count381
\c@assumption=\count382

Package hyperref Warning: Token not allowed in a PDF string (PDFDocEncoding):
(hyperref)                removing `\\' on input line 146.


(C:\Users\Davud Rostam-Afschar\AppData\Local\Programs\MiKTeX\tex/latex/l3backen
d\l3backend-pdftex.def
File: l3backend-pdftex.def 2023-11-09 L3 backend support: PDF output (pdfTeX)
\l__color_backend_stack_int=\count383
\l__pdf_internal_box=\box138
) (trick06.aux

LaTeX Warning: Label `f1' multiply defined.


LaTeX Warning: Label `f1' multiply defined.

)
\openout1 = `trick06.aux'.

LaTeX Font Info:    Checking defaults for OML/cmm/m/it on input line 158.
LaTeX Font Info:    ... okay on input line 158.
LaTeX Font Info:    Checking defaults for OMS/cmsy/m/n on input line 158.
LaTeX Font Info:    ... okay on input line 158.
LaTeX Font Info:    Checking defaults for OT1/cmr/m/n on input line 158.
LaTeX Font Info:    ... okay on input line 158.
LaTeX Font Info:    Checking defaults for T1/cmr/m/n on input line 158.
LaTeX Font Info:    ... okay on input line 158.
LaTeX Font Info:    Checking defaults for TS1/cmr/m/n on input line 158.
LaTeX Font Info:    ... okay on input line 158.
LaTeX Font Info:    Checking defaults for OMX/cmex/m/n on input line 158.
LaTeX Font Info:    ... okay on input line 158.
LaTeX Font Info:    Checking defaults for U/cmr/m/n on input line 158.
LaTeX Font Info:    ... okay on input line 158.
LaTeX Font Info:    Checking defaults for PD1/pdf/m/n on input line 158.
LaTeX Font Info:    ... okay on input line 158.
LaTeX Font Info:    Checking defaults for PU/pdf/m/n on input line 158.
LaTeX Font Info:    ... okay on input line 158.

*geometry* driver: auto-detecting
*geometry* detected driver: pdftex
*geometry* verbose mode - [ preamble ] result:
* driver: pdftex
* paper: custom
* layout: <same size as paper>
* layoutoffset:(h,v)=(0.0pt,0.0pt)
* modes: includehead includefoot 
* h-part:(L,W,R)=(21.33955pt, 332.89735pt, 9.95845pt)
* v-part:(T,H,B)=(0.0pt, 273.14662pt, 0.0pt)
* \paperwidth=364.19536pt
* \paperheight=273.14662pt
* \textwidth=332.89735pt
* \textheight=244.6939pt
* \oddsidemargin=-50.93044pt
* \evensidemargin=-50.93044pt
* \topmargin=-72.26999pt
* \headheight=14.22636pt
* \headsep=0.0pt
* \topskip=11.0pt
* \footskip=14.22636pt
* \marginparwidth=4.0pt
* \marginparsep=10.0pt
* \columnsep=10.0pt
* \skip\footins=10.0pt plus 4.0pt minus 2.0pt
* \hoffset=0.0pt
* \voffset=0.0pt
* \mag=1000
* \@twocolumnfalse
* \@twosidefalse
* \@mparswitchfalse
* \@reversemarginfalse
* (1in=72.27pt=25.4mm, 1cm=28.453pt)


(C:\Users\Davud Rostam-Afschar\AppData\Local\Programs\MiKTeX\tex/context/base/m
kii\supp-pdf.mkii
[Loading MPS to PDF converter (version 2006.09.02).]
\scratchcounter=\count384
\scratchdimen=\dimen368
\scratchbox=\box139
\nofMPsegments=\count385
\nofMParguments=\count386
\everyMPshowfont=\toks55
\MPscratchCnt=\count387
\MPscratchDim=\dimen369
\MPnumerator=\count388
\makeMPintoPDFobject=\count389
\everyMPtoPDFconversion=\toks56
)
Package hyperref Info: Link coloring OFF on input line 158.
 (trick06.out) (trick06.out)
\@outlinefile=\write5
\openout5 = `trick06.out'.

LaTeX Font Info:    Overwriting symbol font `operators' in version `normal'
(Font)                  OT1/ccr/m/n --> OT1/cmss/m/n on input line 158.
LaTeX Font Info:    Overwriting symbol font `operators' in version `bold'
(Font)                  OT1/ccr/bx/n --> OT1/cmss/b/n on input line 158.
\symnumbers=\mathgroup12
LaTeX Font Info:    Redeclaring symbol font `pureletters' on input line 158.
LaTeX Font Info:    Overwriting symbol font `pureletters' in version `normal'
(Font)                  OT1/mathkerncmss/m/sl --> OT1/cmss/m/it on input line 1
58.
LaTeX Font Info:    Overwriting symbol font `pureletters' in version `bold'
(Font)                  OT1/mathkerncmss/bx/sl --> OT1/cmss/m/it on input line 
158.
LaTeX Font Info:    Overwriting math alphabet `\mathrm' in version `normal'
(Font)                  OT1/cmss/m/n --> OT1/ccr/m/n on input line 158.
LaTeX Font Info:    Redeclaring math alphabet \mathbf on input line 158.
LaTeX Font Info:    Overwriting math alphabet `\mathbf' in version `normal'
(Font)                  OT1/ccr/bx/n --> OT1/cmss/b/n on input line 158.
LaTeX Font Info:    Overwriting math alphabet `\mathbf' in version `bold'
(Font)                  OT1/ccr/bx/n --> OT1/cmss/b/n on input line 158.
LaTeX Font Info:    Redeclaring math alphabet \mathsf on input line 158.
LaTeX Font Info:    Overwriting math alphabet `\mathsf' in version `normal'
(Font)                  OT1/cmss/m/n --> OT1/cmss/m/n on input line 158.
LaTeX Font Info:    Overwriting math alphabet `\mathsf' in version `bold'
(Font)                  OT1/cmss/bx/n --> OT1/cmss/m/n on input line 158.
LaTeX Font Info:    Redeclaring math alphabet \mathit on input line 158.
LaTeX Font Info:    Overwriting math alphabet `\mathit' in version `normal'
(Font)                  OT1/ccr/m/it --> OT1/cmss/m/it on input line 158.
LaTeX Font Info:    Overwriting math alphabet `\mathit' in version `bold'
(Font)                  OT1/ccr/m/it --> OT1/cmss/m/it on input line 158.
LaTeX Font Info:    Redeclaring math alphabet \mathtt on input line 158.
LaTeX Font Info:    Overwriting math alphabet `\mathtt' in version `normal'
(Font)                  OT1/cmtt/m/n --> OT1/cmtt/m/n on input line 158.
LaTeX Font Info:    Overwriting math alphabet `\mathtt' in version `bold'
(Font)                  OT1/cmtt/m/n --> OT1/cmtt/m/n on input line 158.
LaTeX Font Info:    Overwriting symbol font `numbers' in version `bold'
(Font)                  OT1/cmss/m/n --> OT1/cmss/b/n on input line 158.
LaTeX Font Info:    Overwriting symbol font `pureletters' in version `bold'
(Font)                  OT1/cmss/m/it --> OT1/cmss/b/it on input line 158.
LaTeX Font Info:    Overwriting math alphabet `\mathrm' in version `bold'
(Font)                  OT1/cmss/b/n --> OT1/ccr/b/n on input line 158.
LaTeX Font Info:    Overwriting math alphabet `\mathbf' in version `bold'
(Font)                  OT1/cmss/b/n --> OT1/cmss/b/n on input line 158.
LaTeX Font Info:    Overwriting math alphabet `\mathsf' in version `bold'
(Font)                  OT1/cmss/m/n --> OT1/cmss/b/n on input line 158.
LaTeX Font Info:    Overwriting math alphabet `\mathit' in version `bold'
(Font)                  OT1/cmss/m/it --> OT1/cmss/b/it on input line 158.
LaTeX Font Info:    Overwriting math alphabet `\mathtt' in version `bold'
(Font)                  OT1/cmtt/m/n --> OT1/cmtt/b/n on input line 158.
LaTeX Font Info:    Redeclaring symbol font `pureletters' on input line 158.
LaTeX Font Info:    Overwriting symbol font `pureletters' in version `normal'
(Font)                  OT1/cmss/m/it --> OT1/mathkerncmss/m/sl on input line 1
58.
LaTeX Font Info:    Overwriting symbol font `pureletters' in version `bold'
(Font)                  OT1/cmss/b/it --> OT1/mathkerncmss/m/sl on input line 1
58.
LaTeX Font Info:    Overwriting symbol font `pureletters' in version `bold'
(Font)                  OT1/mathkerncmss/m/sl --> OT1/mathkerncmss/bx/sl on inp
ut line 158.

(C:\Users\Davud Rostam-Afschar\AppData\Local\Programs\MiKTeX\tex/latex/translat
or\translator-basic-dictionary-English.dict
Dictionary: translator-basic-dictionary, Language: English 
)
(C:\Users\Davud Rostam-Afschar\AppData\Local\Programs\MiKTeX\tex/latex/translat
or\translator-bibliography-dictionary-English.dict
Dictionary: translator-bibliography-dictionary, Language: English 
)
(C:\Users\Davud Rostam-Afschar\AppData\Local\Programs\MiKTeX\tex/latex/translat
or\translator-environment-dictionary-English.dict
Dictionary: translator-environment-dictionary, Language: English 
)
(C:\Users\Davud Rostam-Afschar\AppData\Local\Programs\MiKTeX\tex/latex/translat
or\translator-months-dictionary-English.dict
Dictionary: translator-months-dictionary, Language: English 
)
(C:\Users\Davud Rostam-Afschar\AppData\Local\Programs\MiKTeX\tex/latex/translat
or\translator-numbers-dictionary-English.dict
Dictionary: translator-numbers-dictionary, Language: English 
)
(C:\Users\Davud Rostam-Afschar\AppData\Local\Programs\MiKTeX\tex/latex/translat
or\translator-theorem-dictionary-English.dict
Dictionary: translator-theorem-dictionary, Language: English 
)
Package caption Info: Begin \AtBeginDocument code.
Package caption Info: listings package is loaded.
Package caption Info: rotating package is loaded.
Package caption Info: threeparttable package is loaded.
Package caption Info: wrapfig package is loaded.
Package caption Info: End \AtBeginDocument code.
\c@lstlisting=\count390
 (trick06.nav)
Underfull \hbox (badness 10000) in paragraph at lines 162--162

 []

LaTeX Font Info:    Trying to load font information for OML+ccm on input line 1
62.

(C:\Users\Davud Rostam-Afschar\AppData\Local\Programs\MiKTeX\tex/latex/concmath
\omlccm.fd
File: omlccm.fd 1999/03/10 v2.0b LaTeX font defs for Concrete math fonts
)
LaTeX Font Info:    Trying to load font information for OMS+ccsy on input line 
162.

(C:\Users\Davud Rostam-Afschar\AppData\Local\Programs\MiKTeX\tex/latex/concmath
\omsccsy.fd
File: omsccsy.fd 1999/03/10 v2.0b LaTeX font defs for Concrete math fonts
)
LaTeX Font Info:    Trying to load font information for OMX+ccex on input line 
162.

(C:\Users\Davud Rostam-Afschar\AppData\Local\Programs\MiKTeX\tex/latex/concmath
\omxccex.fd
File: omxccex.fd 1999/03/10 v2.0b LaTeX font defs for Concrete math fonts
)
LaTeX Font Info:    External font `xccex10' loaded for size
(Font)              <10.95> on input line 162.
LaTeX Font Info:    External font `xccex10' loaded for size
(Font)              <8> on input line 162.
LaTeX Font Info:    External font `xccex10' loaded for size
(Font)              <6> on input line 162.
LaTeX Font Info:    Trying to load font information for U+msa on input line 162
.

(C:\Users\Davud Rostam-Afschar\AppData\Local\Programs\MiKTeX\tex/latex/amsfonts
\umsa.fd
File: umsa.fd 2013/01/14 v3.01 AMS symbols A
)
LaTeX Font Info:    Trying to load font information for U+msb on input line 162
.

(C:\Users\Davud Rostam-Afschar\AppData\Local\Programs\MiKTeX\tex/latex/amsfonts
\umsb.fd
File: umsb.fd 2013/01/14 v3.01 AMS symbols B
)
LaTeX Font Info:    Trying to load font information for U+rsfs on input line 16
2.

(C:\Users\Davud Rostam-Afschar\AppData\Local\Programs\MiKTeX\tex/latex/jknappen
\ursfs.fd
File: ursfs.fd 1998/03/24 rsfs font definition file (jk)
)
LaTeX Font Info:    Trying to load font information for OT1+mathkerncmss on inp
ut line 162.

(C:\Users\Davud Rostam-Afschar\AppData\Local\Programs\MiKTeX\tex/latex/sansmath
accent\ot1mathkerncmss.fd
File: ot1mathkerncmss.fd 2020/01/31 Fontinst v1.933 font definitions for OT1/ma
thkerncmss.
)
Underfull \hbox (badness 10000) in paragraph at lines 162--162

 []

[1

{C:/Users/Davud Rostam-Afschar/AppData/Local/MiKTeX/fonts/map/pdftex/pdftex.map
}] (trick06.toc) [2

] [3

]
Overfull \vbox (2.90779pt too high) detected at line 204
 []

[4

]
LaTeX Font Info:    External font `xccex10' loaded for size
(Font)              <9> on input line 237.
 [5

]
<figures/ll_500.png, id=74, 1284.8pt x 770.88pt>
File: figures/ll_500.png Graphic file (type png)
<use figures/ll_500.png>
Package pdftex.def Info: figures/ll_500.png  used on input line 253.
(pdftex.def)             Requested size: 199.74043pt x 119.83804pt.
LaTeX Font Info:    External font `xccex10' loaded for size
(Font)              <10> on input line 253.
LaTeX Font Info:    External font `xccex10' loaded for size
(Font)              <7> on input line 253.
 [6

 <./figures/ll_500.png (PNG copy)>]
Overfull \hbox (2.12524pt too wide) in paragraph at lines 283--283
 [] 
 []

[7

]
File: figures/ll_500.png Graphic file (type png)
<use figures/ll_500.png>
Package pdftex.def Info: figures/ll_500.png  used on input line 297.
(pdftex.def)             Requested size: 199.74043pt x 119.83804pt.

pdfTeX warning (ext4): destination with the same identifier (name{f1}) has been
 already used, duplicate ignored
<to be read again> 
                   \relax 
l.297 \end{frame}
                 
LaTeX Font Info:    Font shape `OT1/cmss/b/n' in size <10.95> not available
(Font)              Font shape `OT1/cmss/bx/n' tried instead on input line 297.

LaTeX Font Info:    Font shape `OT1/cmss/b/n' in size <8> not available
(Font)              Font shape `OT1/cmss/bx/n' tried instead on input line 297.

LaTeX Font Info:    Font shape `OT1/cmss/b/n' in size <6> not available
(Font)              Font shape `OT1/cmss/bx/n' tried instead on input line 297.

LaTeX Font Info:    Font shape `OML/ccm/b/it' in size <10.95> not available
(Font)              Font shape `OML/cmm/b/it' tried instead on input line 297.
LaTeX Font Info:    Font shape `OML/ccm/b/it' in size <8> not available
(Font)              Font shape `OML/cmm/b/it' tried instead on input line 297.
LaTeX Font Info:    Font shape `OML/ccm/b/it' in size <6> not available
(Font)              Font shape `OML/cmm/b/it' tried instead on input line 297.
LaTeX Font Info:    Font shape `OMS/ccsy/b/n' in size <10.95> not available
(Font)              Font shape `OMS/cmsy/b/n' tried instead on input line 297.
LaTeX Font Info:    Font shape `OMS/ccsy/b/n' in size <8> not available
(Font)              Font shape `OMS/cmsy/b/n' tried instead on input line 297.
LaTeX Font Info:    Font shape `OMS/ccsy/b/n' in size <6> not available
(Font)              Font shape `OMS/cmsy/b/n' tried instead on input line 297.
 [8

]
File: figures/ll_500.png Graphic file (type png)
<use figures/ll_500.png>
Package pdftex.def Info: figures/ll_500.png  used on input line 309.
(pdftex.def)             Requested size: 199.74043pt x 119.83804pt.

pdfTeX warning (ext4): destination with the same identifier (name{f1}) has been
 already used, duplicate ignored
<to be read again> 
                   \relax 
l.309 \end{frame}
                  [9

]

LaTeX Font Warning: Font shape `OT1/cmss/bx/it' undefined
(Font)              using `OT1/cmss/b/it' instead on input line 325.


LaTeX Font Warning: Font shape `OT1/cmss/b/it' undefined
(Font)              using `OT1/cmss/b/n' instead on input line 325.

LaTeX Font Info:    Font shape `OT1/cmss/b/n' in size <10> not available
(Font)              Font shape `OT1/cmss/bx/n' tried instead on input line 325.

[10

] [11

]
Overfull \vbox (0.49342pt too high) detected at line 356
 []

[12

] [13

] [14

] [15

] [16

]
<figures/ll_3.png, id=149, 1284.8pt x 770.88pt>
File: figures/ll_3.png Graphic file (type png)
<use figures/ll_3.png>
Package pdftex.def Info: figures/ll_3.png  used on input line 489.
(pdftex.def)             Requested size: 89.71733pt x 53.82596pt.
<figures/ll_10.png, id=150, 1284.8pt x 770.88pt>
File: figures/ll_10.png Graphic file (type png)
<use figures/ll_10.png>
Package pdftex.def Info: figures/ll_10.png  used on input line 489.
(pdftex.def)             Requested size: 89.71733pt x 53.82596pt.
<figures/ll_25.png, id=151, 1284.8pt x 770.88pt>
File: figures/ll_25.png Graphic file (type png)
<use figures/ll_25.png>
Package pdftex.def Info: figures/ll_25.png  used on input line 489.
(pdftex.def)             Requested size: 89.71733pt x 53.82596pt.
<figures/ll_100.png, id=152, 1284.8pt x 770.88pt>
File: figures/ll_100.png Graphic file (type png)
<use figures/ll_100.png>
Package pdftex.def Info: figures/ll_100.png  used on input line 489.
(pdftex.def)             Requested size: 89.71733pt x 53.82596pt.
 [17

 <./figures/ll_3.png (PNG copy)> <./figures/ll_10.png (PNG copy)> <./figures/ll
_25.png (PNG copy)> <./figures/ll_100.png (PNG copy)>]
File: figures/ll_3.png Graphic file (type png)
<use figures/ll_3.png>
Package pdftex.def Info: figures/ll_3.png  used on input line 489.
(pdftex.def)             Requested size: 89.71733pt x 53.82596pt.
File: figures/ll_10.png Graphic file (type png)
<use figures/ll_10.png>
Package pdftex.def Info: figures/ll_10.png  used on input line 489.
(pdftex.def)             Requested size: 89.71733pt x 53.82596pt.
File: figures/ll_25.png Graphic file (type png)
<use figures/ll_25.png>
Package pdftex.def Info: figures/ll_25.png  used on input line 489.
(pdftex.def)             Requested size: 89.71733pt x 53.82596pt.
File: figures/ll_100.png Graphic file (type png)
<use figures/ll_100.png>
Package pdftex.def Info: figures/ll_100.png  used on input line 489.
(pdftex.def)             Requested size: 89.71733pt x 53.82596pt.
 [18

]
File: figures/ll_3.png Graphic file (type png)
<use figures/ll_3.png>
Package pdftex.def Info: figures/ll_3.png  used on input line 489.
(pdftex.def)             Requested size: 89.71733pt x 53.82596pt.
File: figures/ll_10.png Graphic file (type png)
<use figures/ll_10.png>
Package pdftex.def Info: figures/ll_10.png  used on input line 489.
(pdftex.def)             Requested size: 89.71733pt x 53.82596pt.
File: figures/ll_25.png Graphic file (type png)
<use figures/ll_25.png>
Package pdftex.def Info: figures/ll_25.png  used on input line 489.
(pdftex.def)             Requested size: 89.71733pt x 53.82596pt.
File: figures/ll_100.png Graphic file (type png)
<use figures/ll_100.png>
Package pdftex.def Info: figures/ll_100.png  used on input line 489.
(pdftex.def)             Requested size: 89.71733pt x 53.82596pt.
 [19

]
File: figures/ll_3.png Graphic file (type png)
<use figures/ll_3.png>
Package pdftex.def Info: figures/ll_3.png  used on input line 489.
(pdftex.def)             Requested size: 89.71733pt x 53.82596pt.
File: figures/ll_10.png Graphic file (type png)
<use figures/ll_10.png>
Package pdftex.def Info: figures/ll_10.png  used on input line 489.
(pdftex.def)             Requested size: 89.71733pt x 53.82596pt.
File: figures/ll_25.png Graphic file (type png)
<use figures/ll_25.png>
Package pdftex.def Info: figures/ll_25.png  used on input line 489.
(pdftex.def)             Requested size: 89.71733pt x 53.82596pt.
File: figures/ll_100.png Graphic file (type png)
<use figures/ll_100.png>
Package pdftex.def Info: figures/ll_100.png  used on input line 489.
(pdftex.def)             Requested size: 89.71733pt x 53.82596pt.
 [20

]
File: figures/ll_3.png Graphic file (type png)
<use figures/ll_3.png>
Package pdftex.def Info: figures/ll_3.png  used on input line 489.
(pdftex.def)             Requested size: 89.71733pt x 53.82596pt.
File: figures/ll_10.png Graphic file (type png)
<use figures/ll_10.png>
Package pdftex.def Info: figures/ll_10.png  used on input line 489.
(pdftex.def)             Requested size: 89.71733pt x 53.82596pt.
File: figures/ll_25.png Graphic file (type png)
<use figures/ll_25.png>
Package pdftex.def Info: figures/ll_25.png  used on input line 489.
(pdftex.def)             Requested size: 89.71733pt x 53.82596pt.
File: figures/ll_100.png Graphic file (type png)
<use figures/ll_100.png>
Package pdftex.def Info: figures/ll_100.png  used on input line 489.
(pdftex.def)             Requested size: 89.71733pt x 53.82596pt.
 [21

]
File: figures/ll_3.png Graphic file (type png)
<use figures/ll_3.png>
Package pdftex.def Info: figures/ll_3.png  used on input line 489.
(pdftex.def)             Requested size: 89.71733pt x 53.82596pt.
File: figures/ll_10.png Graphic file (type png)
<use figures/ll_10.png>
Package pdftex.def Info: figures/ll_10.png  used on input line 489.
(pdftex.def)             Requested size: 89.71733pt x 53.82596pt.
File: figures/ll_25.png Graphic file (type png)
<use figures/ll_25.png>
Package pdftex.def Info: figures/ll_25.png  used on input line 489.
(pdftex.def)             Requested size: 89.71733pt x 53.82596pt.
File: figures/ll_100.png Graphic file (type png)
<use figures/ll_100.png>
Package pdftex.def Info: figures/ll_100.png  used on input line 489.
(pdftex.def)             Requested size: 89.71733pt x 53.82596pt.
 [22

]
<figures/l.png, id=192, 1284.8pt x 770.88pt>
File: figures/l.png Graphic file (type png)
<use figures/l.png>
Package pdftex.def Info: figures/l.png  used on input line 509.
(pdftex.def)             Requested size: 133.1569pt x 79.89203pt.
<figures/ll.png, id=193, 1284.8pt x 770.88pt>
File: figures/ll.png Graphic file (type png)
<use figures/ll.png>
Package pdftex.def Info: figures/ll.png  used on input line 509.
(pdftex.def)             Requested size: 133.1569pt x 79.89203pt.

Overfull \vbox (7.62738pt too high) detected at line 509
 []

[23

 <./figures/l.png (PNG copy)> <./figures/ll.png (PNG copy)>]
File: figures/l.png Graphic file (type png)
<use figures/l.png>
Package pdftex.def Info: figures/l.png  used on input line 509.
(pdftex.def)             Requested size: 133.1569pt x 79.89203pt.
File: figures/ll.png Graphic file (type png)
<use figures/ll.png>
Package pdftex.def Info: figures/ll.png  used on input line 509.
(pdftex.def)             Requested size: 133.1569pt x 79.89203pt.

Overfull \vbox (7.62738pt too high) detected at line 509
 []

[24

]
File: figures/l.png Graphic file (type png)
<use figures/l.png>
Package pdftex.def Info: figures/l.png  used on input line 509.
(pdftex.def)             Requested size: 133.1569pt x 79.89203pt.
File: figures/ll.png Graphic file (type png)
<use figures/ll.png>
Package pdftex.def Info: figures/ll.png  used on input line 509.
(pdftex.def)             Requested size: 133.1569pt x 79.89203pt.

Overfull \vbox (7.62738pt too high) detected at line 509
 []

[25

]
File: figures/l.png Graphic file (type png)
<use figures/l.png>
Package pdftex.def Info: figures/l.png  used on input line 509.
(pdftex.def)             Requested size: 133.1569pt x 79.89203pt.
File: figures/ll.png Graphic file (type png)
<use figures/ll.png>
Package pdftex.def Info: figures/ll.png  used on input line 509.
(pdftex.def)             Requested size: 133.1569pt x 79.89203pt.

Overfull \vbox (7.62738pt too high) detected at line 509
 []

[26

]
File: figures/l.png Graphic file (type png)
<use figures/l.png>
Package pdftex.def Info: figures/l.png  used on input line 509.
(pdftex.def)             Requested size: 133.1569pt x 79.89203pt.
File: figures/ll.png Graphic file (type png)
<use figures/ll.png>
Package pdftex.def Info: figures/ll.png  used on input line 509.
(pdftex.def)             Requested size: 133.1569pt x 79.89203pt.

Overfull \vbox (7.62738pt too high) detected at line 509
 []

[27

]
File: figures/l.png Graphic file (type png)
<use figures/l.png>
Package pdftex.def Info: figures/l.png  used on input line 509.
(pdftex.def)             Requested size: 133.1569pt x 79.89203pt.
File: figures/ll.png Graphic file (type png)
<use figures/ll.png>
Package pdftex.def Info: figures/ll.png  used on input line 509.
(pdftex.def)             Requested size: 133.1569pt x 79.89203pt.

Overfull \vbox (7.62738pt too high) detected at line 509
 []

[28

]
File: figures/l.png Graphic file (type png)
<use figures/l.png>
Package pdftex.def Info: figures/l.png  used on input line 509.
(pdftex.def)             Requested size: 133.1569pt x 79.89203pt.
File: figures/ll.png Graphic file (type png)
<use figures/ll.png>
Package pdftex.def Info: figures/ll.png  used on input line 509.
(pdftex.def)             Requested size: 133.1569pt x 79.89203pt.

Overfull \vbox (7.62738pt too high) detected at line 509
 []

[29

]
File: figures/l.png Graphic file (type png)
<use figures/l.png>
Package pdftex.def Info: figures/l.png  used on input line 509.
(pdftex.def)             Requested size: 133.1569pt x 79.89203pt.
File: figures/ll.png Graphic file (type png)
<use figures/ll.png>
Package pdftex.def Info: figures/ll.png  used on input line 509.
(pdftex.def)             Requested size: 133.1569pt x 79.89203pt.

Overfull \vbox (7.62738pt too high) detected at line 509
 []

[30

]
<figures/distribution_p_100.png, id=235, 1284.8pt x 770.88pt>
File: figures/distribution_p_100.png Graphic file (type png)
<use figures/distribution_p_100.png>
Package pdftex.def Info: figures/distribution_p_100.png  used on input line 524
.
(pdftex.def)             Requested size: 183.09456pt x 109.85153pt.

Overfull \vbox (1.1705pt too high) detected at line 524
 []

[31

 <./figures/distribution_p_100.png (PNG copy)>]
Overfull \vbox (0.67564pt too high) detected at line 557
 []

[32

]
Overfull \vbox (0.85349pt too high) detected at line 591
 []

[33

]
Overfull \vbox (10.3172pt too high) detected at line 611
 []

[34

] [35

] (trick06.bbl

LaTeX Font Warning: Font shape `OT1/cmss/m/sc' in size <10> not available
(Font)              Font shape `OT1/cmr/m/sc' tried instead on input line 13.

) [36

]
\tf@nav=\write6
\openout6 = `trick06.nav'.

\tf@toc=\write7
\openout7 = `trick06.toc'.

\tf@snm=\write8
\openout8 = `trick06.snm'.

 (trick06.aux)
 ***********
LaTeX2e <2023-11-01>
L3 programming layer <2023-12-11>
 ***********


LaTeX Font Warning: Some font shapes were not available, defaults substituted.


LaTeX Warning: There were multiply-defined labels.

Package rerunfilecheck Info: File `trick06.out' has not changed.
(rerunfilecheck)             Checksum: 8A82C0647627E3A76F5E78E2F0BE0140;247.
 ) 
Here is how much of TeX's memory you used:
 32008 strings out of 474495
 647213 string characters out of 5736820
 1938460 words of memory out of 5000000
 53485 multiletter control sequences out of 15000+600000
 591290 words of font info for 134 fonts, out of 8000000 for 9000
 1141 hyphenation exceptions out of 8191
 128i,15n,123p,1332b,967s stack positions out of 10000i,1000n,20000p,200000b,200000s
 <C:\Users\Davud Rostam-Afschar\AppData\Local\MiKTeX\fonts/pk/ljfour/public/c
oncmath-fonts/dpi600\xccsy7.pk> <C:\Users\Davud Rostam-Afschar\AppData\Local\Mi
KTeX\fonts/pk/ljfour/public/concmath-fonts/dpi600\xccsy8.pk> <C:\Users\Davud Ro
stam-Afschar\AppData\Local\MiKTeX\fonts/pk/ljfour/public/concmath-fonts/dpi600\
xccmi8.pk> <C:\Users\Davud Rostam-Afschar\AppData\Local\MiKTeX\fonts/pk/ljfour/
jknappen/ec/dpi657\ecso1000.pk> <C:\Users\Davud Rostam-Afschar\AppData\Local\Mi
KTeX\fonts/pk/ljfour/jknappen/ec/dpi600\ecso0900.pk> <C:\Users\Davud Rostam-Afs
char\AppData\Local\MiKTeX\fonts/pk/ljfour/public/concmath-fonts/dpi600\xccmi6.p
k> <C:\Users\Davud Rostam-Afschar\AppData\Local\MiKTeX\fonts/pk/ljfour/public/c
oncmath-fonts/dpi600\xccmi5.pk> <C:\Users\Davud Rostam-Afschar\AppData\Local\Mi
KTeX\fonts/pk/ljfour/jknappen/ec/dpi375\ecso0800.pk> <C:\Users\Davud Rostam-Afs
char\AppData\Local\MiKTeX\fonts/pk/ljfour/public/concmath-fonts/dpi600\xccsy5.p
k> <C:\Users\Davud Rostam-Afschar\AppData\Local\MiKTeX\fonts/pk/ljfour/public/c
oncmath-fonts/dpi600\xccsy6.pk> <C:\Users\Davud Rostam-Afschar\AppData\Local\Mi
KTeX\fonts/pk/ljfour/public/concmath-fonts/dpi600\xccmi10.pk> <C:\Users\Davud R
ostam-Afschar\AppData\Local\MiKTeX\fonts/pk/ljfour/jknappen/ec/dpi600\ecso1000.
pk> <C:\Users\Davud Rostam-Afschar\AppData\Local\MiKTeX\fonts/pk/ljfour/public/
concmath-fonts/dpi600\xccsy10.pk> <C:\Users\Davud Rostam-Afschar\AppData\Local\
MiKTeX\fonts/pk/ljfour/public/concmath-fonts/dpi600\xccsy9.pk> <C:\Users\Davud 
Rostam-Afschar\AppData\Local\MiKTeX\fonts/pk/ljfour/public/concmath-fonts/dpi60
0\xccmi9.pk> <C:\Users\Davud Rostam-Afschar\AppData\Local\MiKTeX\fonts/pk/ljfou
r/public/concmath-fonts/dpi657\xccsy10.pk> <C:\Users\Davud Rostam-Afschar\AppDa
ta\Local\MiKTeX\fonts/pk/ljfour/public/concmath-fonts/dpi600\xccex10.pk> <C:\Us
ers\Davud Rostam-Afschar\AppData\Local\MiKTeX\fonts/pk/ljfour/public/concmath-f
onts/dpi657\xccmi10.pk><C:/Users/Davud Rostam-Afschar/AppData/Local/Programs/Mi
KTeX/fonts/type1/public/amsfonts/cm/cmbx10.pfb><C:/Users/Davud Rostam-Afschar/A
ppData/Local/Programs/MiKTeX/fonts/type1/public/amsfonts/cm/cmcsc10.pfb><C:/Use
rs/Davud Rostam-Afschar/AppData/Local/Programs/MiKTeX/fonts/type1/public/amsfon
ts/cm/cmmib10.pfb><C:/Users/Davud Rostam-Afschar/AppData/Local/Programs/MiKTeX/
fonts/type1/public/amsfonts/cmextra/cmmib6.pfb><C:/Users/Davud Rostam-Afschar/A
ppData/Local/Programs/MiKTeX/fonts/type1/public/amsfonts/cmextra/cmmib8.pfb><C:
/Users/Davud Rostam-Afschar/AppData/Local/Programs/MiKTeX/fonts/type1/public/am
sfonts/cmextra/cmmib9.pfb><C:/Users/Davud Rostam-Afschar/AppData/Local/Programs
/MiKTeX/fonts/type1/public/amsfonts/cm/cmss10.pfb><C:/Users/Davud Rostam-Afscha
r/AppData/Local/Programs/MiKTeX/fonts/type1/public/amsfonts/cm/cmss12.pfb><C:/U
sers/Davud Rostam-Afschar/AppData/Local/Programs/MiKTeX/fonts/type1/public/amsf
onts/cm/cmss17.pfb><C:/Users/Davud Rostam-Afschar/AppData/Local/Programs/MiKTeX
/fonts/type1/public/amsfonts/cm/cmss8.pfb><C:/Users/Davud Rostam-Afschar/AppDat
a/Local/Programs/MiKTeX/fonts/type1/public/amsfonts/cm/cmss9.pfb><C:/Users/Davu
d Rostam-Afschar/AppData/Local/Programs/MiKTeX/fonts/type1/public/amsfonts/cm/c
mssbx10.pfb><C:/Users/Davud Rostam-Afschar/AppData/Local/Programs/MiKTeX/fonts/
type1/public/amsfonts/cm/cmssi10.pfb><C:/Users/Davud Rostam-Afschar/AppData/Loc
al/Programs/MiKTeX/fonts/type1/public/amsfonts/cm/cmssi8.pfb><C:/Users/Davud Ro
stam-Afschar/AppData/Local/Programs/MiKTeX/fonts/type1/public/amsfonts/cm/cmssi
9.pfb><C:/Users/Davud Rostam-Afschar/AppData/Local/Programs/MiKTeX/fonts/type1/
public/amsfonts/symbols/msam10.pfb>
Output written on trick06.pdf (36 pages, 912180 bytes).
PDF statistics:
 523 PDF objects out of 1000 (max. 8388607)
 89 named destinations out of 1000 (max. 500000)
 115 words of extra memory for PDF output out of 10000 (max. 10000000)

