\BOOKMARK [1][-]{section.1}{Review of Probability Theory}{}% 1
\BOOKMARK [2][-]{subsection.1.1}{Introduction}{section.1}% 2
\BOOKMARK [2][-]{subsection.1.2}{Probability fundamentals}{section.1}% 3
\BOOKMARK [2][-]{subsection.1.3}{Mean and variance}{section.1}% 4
\BOOKMARK [2][-]{subsection.1.4}{Moments of a random variable}{section.1}% 5
\BOOKMARK [2][-]{subsection.1.5}{Useful rules}{section.1}% 6
\BOOKMARK [1][-]{section.2}{Specific Distributions}{}% 7
\BOOKMARK [2][-]{subsection.2.1}{Normal distribution}{section.2}% 8
\BOOKMARK [2][-]{subsection.2.2}{Method of transformations}{section.2}% 9
\BOOKMARK [2][-]{subsection.2.3}{The 2 distribution}{section.2}% 10
\BOOKMARK [2][-]{subsection.2.4}{The F-distribution}{section.2}% 11
\BOOKMARK [2][-]{subsection.2.5}{The student t-distribution}{section.2}% 12
\BOOKMARK [2][-]{subsection.2.6}{The lognormal distribution}{section.2}% 13
\BOOKMARK [2][-]{subsection.2.7}{The gamma distribution}{section.2}% 14
\BOOKMARK [2][-]{subsection.2.8}{The beta distribution}{section.2}% 15
\BOOKMARK [2][-]{subsection.2.9}{The logistic distribution}{section.2}% 16
\BOOKMARK [2][-]{subsection.2.10}{The Wishart distribution}{section.2}% 17
\BOOKMARK [1][-]{section.3}{Review of Distribution Theory}{}% 18
\BOOKMARK [2][-]{subsection.3.1}{Joint and marginal bivariate distributions}{section.3}% 19
\BOOKMARK [2][-]{subsection.3.2}{The joint density function}{section.3}% 20
\BOOKMARK [2][-]{subsection.3.3}{The joint cumulative density function}{section.3}% 21
\BOOKMARK [2][-]{subsection.3.4}{The marginal probability density}{section.3}% 22
\BOOKMARK [2][-]{subsection.3.5}{Covariance and correlation}{section.3}% 23
\BOOKMARK [2][-]{subsection.3.6}{The conditional density function}{section.3}% 24
\BOOKMARK [2][-]{subsection.3.7}{Conditional mean aka regression}{section.3}% 25
\BOOKMARK [2][-]{subsection.3.8}{The bivariate normal}{section.3}% 26
\BOOKMARK [2][-]{subsection.3.9}{Useful rules}{section.3}% 27
\BOOKMARK [1][-]{section.4}{The Least Squares Estimator}{}% 28
\BOOKMARK [2][-]{subsection.4.1}{What is the Relationship between Two Variables?}{section.4}% 29
\BOOKMARK [2][-]{subsection.4.2}{The Econometric Model}{section.4}% 30
\BOOKMARK [2][-]{subsection.4.3}{Estimation with OLS}{section.4}% 31
\BOOKMARK [2][-]{subsection.4.4}{Properties of the OLS Estimator in the Small and in the Large}{section.4}% 32
\BOOKMARK [2][-]{subsection.4.5}{Politically Connected Firms: Causality or Correlation?}{section.4}% 33
\BOOKMARK [1][-]{section.5}{Simplifying Linear Regressions using Frisch-Waugh-Lovell}{}% 34
\BOOKMARK [2][-]{subsection.5.1}{Frisch-Waugh-Lovell theorem in equation algebra}{section.5}% 35
\BOOKMARK [2][-]{subsection.5.2}{Projection and residual maker matrices}{section.5}% 36
\BOOKMARK [1][-]{section.6}{The Maximum Likelihood Estimator}{}% 37
\BOOKMARK [2][-]{subsection.6.1}{From Probability to Likelihood}{section.6}% 38
\BOOKMARK [2][-]{subsection.6.2}{The Econometric Model}{section.6}% 39
\BOOKMARK [2][-]{subsection.6.3}{Properties of the Maximum Likelihood Estimator}{section.6}% 40
\BOOKMARK [1][-]{section.7}{The Generalized Method of Moments}{}% 41
\BOOKMARK [2][-]{subsection.7.1}{How to choose from too many restrictions?}{section.7}% 42
\BOOKMARK [2][-]{subsection.7.2}{Get the sampling error \(at least approximately\)}{section.7}% 43
\BOOKMARK [2][-]{subsection.7.3}{The econometric model}{section.7}% 44
\BOOKMARK [2][-]{subsection.7.4}{Consistency}{section.7}% 45
\BOOKMARK [2][-]{subsection.7.5}{Asymptotic normality}{section.7}% 46
\BOOKMARK [2][-]{subsection.7.6}{Asymptotic efficiency}{section.7}% 47
\BOOKMARK [1][-]{section.8}{Conclusion}{}% 48
\BOOKMARK [1][-]{section*.168}{References}{}% 49
